ARM GAS  /tmp/cc1Cxz4o.s 			page 1


   1              		.cpu cortex-m4
   2              		.arch armv7e-m
   3              		.fpu softvfp
   4              		.eabi_attribute 20, 1
   5              		.eabi_attribute 21, 1
   6              		.eabi_attribute 23, 3
   7              		.eabi_attribute 24, 1
   8              		.eabi_attribute 25, 1
   9              		.eabi_attribute 26, 1
  10              		.eabi_attribute 30, 4
  11              		.eabi_attribute 34, 1
  12              		.eabi_attribute 18, 4
  13              		.file	"gpio.c"
  14              		.text
  15              	.Ltext0:
  16              		.cfi_sections	.debug_frame
  17              		.section	.text.MX_GPIO_Init,"ax",%progbits
  18              		.align	1
  19              		.global	MX_GPIO_Init
  20              		.syntax unified
  21              		.thumb
  22              		.thumb_func
  24              	MX_GPIO_Init:
  25              	.LFB721:
  26              		.file 1 "hardware/bsp/stm32wlxx/gpio.c"
   1:hardware/bsp/stm32wlxx/gpio.c **** #include "stm32wlxx_hal.h"
   2:hardware/bsp/stm32wlxx/gpio.c **** #include "gpio.h"
   3:hardware/bsp/stm32wlxx/gpio.c **** 
   4:hardware/bsp/stm32wlxx/gpio.c **** /**
   5:hardware/bsp/stm32wlxx/gpio.c ****   * @brief GPIO Initialization Function
   6:hardware/bsp/stm32wlxx/gpio.c ****   * @param None
   7:hardware/bsp/stm32wlxx/gpio.c ****   * @retval None
   8:hardware/bsp/stm32wlxx/gpio.c ****   */
   9:hardware/bsp/stm32wlxx/gpio.c **** void MX_GPIO_Init(void)
  10:hardware/bsp/stm32wlxx/gpio.c **** {
  27              		.loc 1 10 1 view -0
  28              		.cfi_startproc
  29              		@ args = 0, pretend = 0, frame = 8
  30              		@ frame_needed = 0, uses_anonymous_args = 0
  31              		@ link register save eliminated.
  11:hardware/bsp/stm32wlxx/gpio.c **** 
  12:hardware/bsp/stm32wlxx/gpio.c ****   /* GPIO Ports Clock Enable */
  13:hardware/bsp/stm32wlxx/gpio.c ****   __HAL_RCC_GPIOA_CLK_ENABLE();
  32              		.loc 1 13 3 view .LVU1
  33              	.LVL0:
  34              	.LBB6:
  35              	.LBI6:
  36              		.file 2 "hardware/mcu/st/stm32wlxx_hal_driver/Inc/stm32wlxx_ll_bus.h"
   1:hardware/mcu/st/stm32wlxx_hal_driver/Inc/stm32wlxx_ll_bus.h **** /**
   2:hardware/mcu/st/stm32wlxx_hal_driver/Inc/stm32wlxx_ll_bus.h ****   ******************************************************************************
   3:hardware/mcu/st/stm32wlxx_hal_driver/Inc/stm32wlxx_ll_bus.h ****   * @file    stm32wlxx_ll_bus.h
   4:hardware/mcu/st/stm32wlxx_hal_driver/Inc/stm32wlxx_ll_bus.h ****   * @author  MCD Application Team
   5:hardware/mcu/st/stm32wlxx_hal_driver/Inc/stm32wlxx_ll_bus.h ****   * @brief   Header file of BUS LL module.
   6:hardware/mcu/st/stm32wlxx_hal_driver/Inc/stm32wlxx_ll_bus.h ****   @verbatim
   7:hardware/mcu/st/stm32wlxx_hal_driver/Inc/stm32wlxx_ll_bus.h ****                       ##### RCC Limitations #####
   8:hardware/mcu/st/stm32wlxx_hal_driver/Inc/stm32wlxx_ll_bus.h ****   ==============================================================================
   9:hardware/mcu/st/stm32wlxx_hal_driver/Inc/stm32wlxx_ll_bus.h ****     [..]
ARM GAS  /tmp/cc1Cxz4o.s 			page 2


  10:hardware/mcu/st/stm32wlxx_hal_driver/Inc/stm32wlxx_ll_bus.h ****       A delay between an RCC peripheral clock enable and the effective peripheral
  11:hardware/mcu/st/stm32wlxx_hal_driver/Inc/stm32wlxx_ll_bus.h ****       enabling should be taken into account in order to manage the peripheral read/write
  12:hardware/mcu/st/stm32wlxx_hal_driver/Inc/stm32wlxx_ll_bus.h ****       from/to registers.w<
  13:hardware/mcu/st/stm32wlxx_hal_driver/Inc/stm32wlxx_ll_bus.h ****       (+) This delay depends on the peripheral mapping.
  14:hardware/mcu/st/stm32wlxx_hal_driver/Inc/stm32wlxx_ll_bus.h ****         (++) AHB & APB peripherals, 1 dummy read is necessary
  15:hardware/mcu/st/stm32wlxx_hal_driver/Inc/stm32wlxx_ll_bus.h **** 
  16:hardware/mcu/st/stm32wlxx_hal_driver/Inc/stm32wlxx_ll_bus.h ****     [..]
  17:hardware/mcu/st/stm32wlxx_hal_driver/Inc/stm32wlxx_ll_bus.h ****       Workarounds:
  18:hardware/mcu/st/stm32wlxx_hal_driver/Inc/stm32wlxx_ll_bus.h ****       (#) For AHB & APB peripherals, a dummy read to the peripheral register has been
  19:hardware/mcu/st/stm32wlxx_hal_driver/Inc/stm32wlxx_ll_bus.h ****           inserted in each LL_{BUS}_GRP{x}_EnableClock() function.
  20:hardware/mcu/st/stm32wlxx_hal_driver/Inc/stm32wlxx_ll_bus.h **** 
  21:hardware/mcu/st/stm32wlxx_hal_driver/Inc/stm32wlxx_ll_bus.h ****   @endverbatim
  22:hardware/mcu/st/stm32wlxx_hal_driver/Inc/stm32wlxx_ll_bus.h ****   ******************************************************************************
  23:hardware/mcu/st/stm32wlxx_hal_driver/Inc/stm32wlxx_ll_bus.h ****   * @attention
  24:hardware/mcu/st/stm32wlxx_hal_driver/Inc/stm32wlxx_ll_bus.h ****   *
  25:hardware/mcu/st/stm32wlxx_hal_driver/Inc/stm32wlxx_ll_bus.h ****   * <h2><center>&copy; Copyright (c) 2020 STMicroelectronics.
  26:hardware/mcu/st/stm32wlxx_hal_driver/Inc/stm32wlxx_ll_bus.h ****   * All rights reserved.</center></h2>
  27:hardware/mcu/st/stm32wlxx_hal_driver/Inc/stm32wlxx_ll_bus.h ****   *
  28:hardware/mcu/st/stm32wlxx_hal_driver/Inc/stm32wlxx_ll_bus.h ****   * This software component is licensed by ST under BSD 3-Clause license,
  29:hardware/mcu/st/stm32wlxx_hal_driver/Inc/stm32wlxx_ll_bus.h ****   * the "License"; You may not use this file except in compliance with the
  30:hardware/mcu/st/stm32wlxx_hal_driver/Inc/stm32wlxx_ll_bus.h ****   * License. You may obtain a copy of the License at:
  31:hardware/mcu/st/stm32wlxx_hal_driver/Inc/stm32wlxx_ll_bus.h ****   *                       opensource.org/licenses/BSD-3-Clause
  32:hardware/mcu/st/stm32wlxx_hal_driver/Inc/stm32wlxx_ll_bus.h ****   *
  33:hardware/mcu/st/stm32wlxx_hal_driver/Inc/stm32wlxx_ll_bus.h ****   ******************************************************************************
  34:hardware/mcu/st/stm32wlxx_hal_driver/Inc/stm32wlxx_ll_bus.h ****   */
  35:hardware/mcu/st/stm32wlxx_hal_driver/Inc/stm32wlxx_ll_bus.h **** 
  36:hardware/mcu/st/stm32wlxx_hal_driver/Inc/stm32wlxx_ll_bus.h **** /* Define to prevent recursive inclusion -------------------------------------*/
  37:hardware/mcu/st/stm32wlxx_hal_driver/Inc/stm32wlxx_ll_bus.h **** #ifndef __STM32WLxx_LL_BUS_H
  38:hardware/mcu/st/stm32wlxx_hal_driver/Inc/stm32wlxx_ll_bus.h **** #define __STM32WLxx_LL_BUS_H
  39:hardware/mcu/st/stm32wlxx_hal_driver/Inc/stm32wlxx_ll_bus.h **** 
  40:hardware/mcu/st/stm32wlxx_hal_driver/Inc/stm32wlxx_ll_bus.h **** #ifdef __cplusplus
  41:hardware/mcu/st/stm32wlxx_hal_driver/Inc/stm32wlxx_ll_bus.h **** extern "C" {
  42:hardware/mcu/st/stm32wlxx_hal_driver/Inc/stm32wlxx_ll_bus.h **** #endif
  43:hardware/mcu/st/stm32wlxx_hal_driver/Inc/stm32wlxx_ll_bus.h **** 
  44:hardware/mcu/st/stm32wlxx_hal_driver/Inc/stm32wlxx_ll_bus.h **** /* Includes ------------------------------------------------------------------*/
  45:hardware/mcu/st/stm32wlxx_hal_driver/Inc/stm32wlxx_ll_bus.h **** #include "stm32wlxx.h"
  46:hardware/mcu/st/stm32wlxx_hal_driver/Inc/stm32wlxx_ll_bus.h **** 
  47:hardware/mcu/st/stm32wlxx_hal_driver/Inc/stm32wlxx_ll_bus.h **** /** @addtogroup STM32WLxx_LL_Driver
  48:hardware/mcu/st/stm32wlxx_hal_driver/Inc/stm32wlxx_ll_bus.h ****   * @{
  49:hardware/mcu/st/stm32wlxx_hal_driver/Inc/stm32wlxx_ll_bus.h ****   */
  50:hardware/mcu/st/stm32wlxx_hal_driver/Inc/stm32wlxx_ll_bus.h **** 
  51:hardware/mcu/st/stm32wlxx_hal_driver/Inc/stm32wlxx_ll_bus.h **** #if defined(RCC)
  52:hardware/mcu/st/stm32wlxx_hal_driver/Inc/stm32wlxx_ll_bus.h **** 
  53:hardware/mcu/st/stm32wlxx_hal_driver/Inc/stm32wlxx_ll_bus.h **** /** @defgroup BUS_LL BUS
  54:hardware/mcu/st/stm32wlxx_hal_driver/Inc/stm32wlxx_ll_bus.h ****   * @{
  55:hardware/mcu/st/stm32wlxx_hal_driver/Inc/stm32wlxx_ll_bus.h ****   */
  56:hardware/mcu/st/stm32wlxx_hal_driver/Inc/stm32wlxx_ll_bus.h **** 
  57:hardware/mcu/st/stm32wlxx_hal_driver/Inc/stm32wlxx_ll_bus.h **** /* Private types -------------------------------------------------------------*/
  58:hardware/mcu/st/stm32wlxx_hal_driver/Inc/stm32wlxx_ll_bus.h **** /* Private variables ---------------------------------------------------------*/
  59:hardware/mcu/st/stm32wlxx_hal_driver/Inc/stm32wlxx_ll_bus.h **** 
  60:hardware/mcu/st/stm32wlxx_hal_driver/Inc/stm32wlxx_ll_bus.h **** /* Private constants ---------------------------------------------------------*/
  61:hardware/mcu/st/stm32wlxx_hal_driver/Inc/stm32wlxx_ll_bus.h **** 
  62:hardware/mcu/st/stm32wlxx_hal_driver/Inc/stm32wlxx_ll_bus.h **** /* Private macros ------------------------------------------------------------*/
  63:hardware/mcu/st/stm32wlxx_hal_driver/Inc/stm32wlxx_ll_bus.h **** 
  64:hardware/mcu/st/stm32wlxx_hal_driver/Inc/stm32wlxx_ll_bus.h **** /* Exported types ------------------------------------------------------------*/
  65:hardware/mcu/st/stm32wlxx_hal_driver/Inc/stm32wlxx_ll_bus.h **** 
  66:hardware/mcu/st/stm32wlxx_hal_driver/Inc/stm32wlxx_ll_bus.h **** /* Exported constants --------------------------------------------------------*/
ARM GAS  /tmp/cc1Cxz4o.s 			page 3


  67:hardware/mcu/st/stm32wlxx_hal_driver/Inc/stm32wlxx_ll_bus.h **** /** @defgroup BUS_LL_Exported_Constants BUS Exported Constants
  68:hardware/mcu/st/stm32wlxx_hal_driver/Inc/stm32wlxx_ll_bus.h ****   * @{
  69:hardware/mcu/st/stm32wlxx_hal_driver/Inc/stm32wlxx_ll_bus.h ****   */
  70:hardware/mcu/st/stm32wlxx_hal_driver/Inc/stm32wlxx_ll_bus.h **** 
  71:hardware/mcu/st/stm32wlxx_hal_driver/Inc/stm32wlxx_ll_bus.h **** /** @defgroup BUS_LL_EC_AHB1_GRP1_PERIPH  AHB1 GRP1 PERIPH
  72:hardware/mcu/st/stm32wlxx_hal_driver/Inc/stm32wlxx_ll_bus.h ****   * @{
  73:hardware/mcu/st/stm32wlxx_hal_driver/Inc/stm32wlxx_ll_bus.h ****   */
  74:hardware/mcu/st/stm32wlxx_hal_driver/Inc/stm32wlxx_ll_bus.h **** #define LL_AHB1_GRP1_PERIPH_ALL            (0xFFFFFFFFU)
  75:hardware/mcu/st/stm32wlxx_hal_driver/Inc/stm32wlxx_ll_bus.h **** #define LL_AHB1_GRP1_PERIPH_DMA1           RCC_AHB1ENR_DMA1EN
  76:hardware/mcu/st/stm32wlxx_hal_driver/Inc/stm32wlxx_ll_bus.h **** #define LL_AHB1_GRP1_PERIPH_DMA2           RCC_AHB1ENR_DMA2EN
  77:hardware/mcu/st/stm32wlxx_hal_driver/Inc/stm32wlxx_ll_bus.h **** #define LL_AHB1_GRP1_PERIPH_DMAMUX1        RCC_AHB1ENR_DMAMUX1EN
  78:hardware/mcu/st/stm32wlxx_hal_driver/Inc/stm32wlxx_ll_bus.h **** #define LL_AHB1_GRP1_PERIPH_CRC            RCC_AHB1ENR_CRCEN
  79:hardware/mcu/st/stm32wlxx_hal_driver/Inc/stm32wlxx_ll_bus.h **** /**
  80:hardware/mcu/st/stm32wlxx_hal_driver/Inc/stm32wlxx_ll_bus.h ****   * @}
  81:hardware/mcu/st/stm32wlxx_hal_driver/Inc/stm32wlxx_ll_bus.h ****   */
  82:hardware/mcu/st/stm32wlxx_hal_driver/Inc/stm32wlxx_ll_bus.h **** 
  83:hardware/mcu/st/stm32wlxx_hal_driver/Inc/stm32wlxx_ll_bus.h **** /** @defgroup BUS_LL_EC_AHB2_GRP1_PERIPH  AHB2 GRP1 PERIPH
  84:hardware/mcu/st/stm32wlxx_hal_driver/Inc/stm32wlxx_ll_bus.h ****   * @{
  85:hardware/mcu/st/stm32wlxx_hal_driver/Inc/stm32wlxx_ll_bus.h ****   */
  86:hardware/mcu/st/stm32wlxx_hal_driver/Inc/stm32wlxx_ll_bus.h **** #define LL_AHB2_GRP1_PERIPH_ALL            (0xFFFFFFFFU)
  87:hardware/mcu/st/stm32wlxx_hal_driver/Inc/stm32wlxx_ll_bus.h **** #define LL_AHB2_GRP1_PERIPH_GPIOA          RCC_AHB2ENR_GPIOAEN
  88:hardware/mcu/st/stm32wlxx_hal_driver/Inc/stm32wlxx_ll_bus.h **** #define LL_AHB2_GRP1_PERIPH_GPIOB          RCC_AHB2ENR_GPIOBEN
  89:hardware/mcu/st/stm32wlxx_hal_driver/Inc/stm32wlxx_ll_bus.h **** #define LL_AHB2_GRP1_PERIPH_GPIOC          RCC_AHB2ENR_GPIOCEN
  90:hardware/mcu/st/stm32wlxx_hal_driver/Inc/stm32wlxx_ll_bus.h **** #define LL_AHB2_GRP1_PERIPH_GPIOH          RCC_AHB2ENR_GPIOHEN
  91:hardware/mcu/st/stm32wlxx_hal_driver/Inc/stm32wlxx_ll_bus.h **** /**
  92:hardware/mcu/st/stm32wlxx_hal_driver/Inc/stm32wlxx_ll_bus.h ****   * @}
  93:hardware/mcu/st/stm32wlxx_hal_driver/Inc/stm32wlxx_ll_bus.h ****   */
  94:hardware/mcu/st/stm32wlxx_hal_driver/Inc/stm32wlxx_ll_bus.h **** 
  95:hardware/mcu/st/stm32wlxx_hal_driver/Inc/stm32wlxx_ll_bus.h **** /** @defgroup BUS_LL_EC_AHB3_GRP1_PERIPH  AHB3 GRP1 PERIPH
  96:hardware/mcu/st/stm32wlxx_hal_driver/Inc/stm32wlxx_ll_bus.h ****   * @{
  97:hardware/mcu/st/stm32wlxx_hal_driver/Inc/stm32wlxx_ll_bus.h ****   */
  98:hardware/mcu/st/stm32wlxx_hal_driver/Inc/stm32wlxx_ll_bus.h **** #define LL_AHB3_GRP1_PERIPH_ALL            (0xFFFFFFFFU)
  99:hardware/mcu/st/stm32wlxx_hal_driver/Inc/stm32wlxx_ll_bus.h **** #define LL_AHB3_GRP1_PERIPH_PKA            RCC_AHB3ENR_PKAEN
 100:hardware/mcu/st/stm32wlxx_hal_driver/Inc/stm32wlxx_ll_bus.h **** #define LL_AHB3_GRP1_PERIPH_AES            RCC_AHB3ENR_AESEN
 101:hardware/mcu/st/stm32wlxx_hal_driver/Inc/stm32wlxx_ll_bus.h **** #define LL_AHB3_GRP1_PERIPH_RNG            RCC_AHB3ENR_RNGEN
 102:hardware/mcu/st/stm32wlxx_hal_driver/Inc/stm32wlxx_ll_bus.h **** #define LL_AHB3_GRP1_PERIPH_HSEM           RCC_AHB3ENR_HSEMEN
 103:hardware/mcu/st/stm32wlxx_hal_driver/Inc/stm32wlxx_ll_bus.h **** #if defined(DUAL_CORE)
 104:hardware/mcu/st/stm32wlxx_hal_driver/Inc/stm32wlxx_ll_bus.h **** #define LL_AHB3_GRP1_PERIPH_IPCC           RCC_AHB3ENR_IPCCEN
 105:hardware/mcu/st/stm32wlxx_hal_driver/Inc/stm32wlxx_ll_bus.h **** #endif /* DUAL_CORE */
 106:hardware/mcu/st/stm32wlxx_hal_driver/Inc/stm32wlxx_ll_bus.h **** #define LL_AHB3_GRP1_PERIPH_SRAM1          RCC_AHB3SMENR_SRAM1SMEN
 107:hardware/mcu/st/stm32wlxx_hal_driver/Inc/stm32wlxx_ll_bus.h **** #define LL_AHB3_GRP1_PERIPH_SRAM2          RCC_AHB3SMENR_SRAM2SMEN
 108:hardware/mcu/st/stm32wlxx_hal_driver/Inc/stm32wlxx_ll_bus.h **** #define LL_AHB3_GRP1_PERIPH_FLASH          RCC_AHB3ENR_FLASHEN
 109:hardware/mcu/st/stm32wlxx_hal_driver/Inc/stm32wlxx_ll_bus.h **** /**
 110:hardware/mcu/st/stm32wlxx_hal_driver/Inc/stm32wlxx_ll_bus.h ****   * @}
 111:hardware/mcu/st/stm32wlxx_hal_driver/Inc/stm32wlxx_ll_bus.h ****   */
 112:hardware/mcu/st/stm32wlxx_hal_driver/Inc/stm32wlxx_ll_bus.h **** 
 113:hardware/mcu/st/stm32wlxx_hal_driver/Inc/stm32wlxx_ll_bus.h **** /** @defgroup BUS_LL_EC_APB1_GRP1_PERIPH  APB1 GRP1 PERIPH
 114:hardware/mcu/st/stm32wlxx_hal_driver/Inc/stm32wlxx_ll_bus.h ****   * @{
 115:hardware/mcu/st/stm32wlxx_hal_driver/Inc/stm32wlxx_ll_bus.h ****   */
 116:hardware/mcu/st/stm32wlxx_hal_driver/Inc/stm32wlxx_ll_bus.h **** #define LL_APB1_GRP1_PERIPH_ALL            (0xFFFFFFFFU)
 117:hardware/mcu/st/stm32wlxx_hal_driver/Inc/stm32wlxx_ll_bus.h **** #define LL_APB1_GRP1_PERIPH_TIM2           RCC_APB1ENR1_TIM2EN
 118:hardware/mcu/st/stm32wlxx_hal_driver/Inc/stm32wlxx_ll_bus.h **** #define LL_APB1_GRP1_PERIPH_RTCAPB         RCC_APB1ENR1_RTCAPBEN
 119:hardware/mcu/st/stm32wlxx_hal_driver/Inc/stm32wlxx_ll_bus.h **** #define LL_APB1_GRP1_PERIPH_WWDG           RCC_APB1ENR1_WWDGEN
 120:hardware/mcu/st/stm32wlxx_hal_driver/Inc/stm32wlxx_ll_bus.h **** #define LL_APB1_GRP1_PERIPH_SPI2           RCC_APB1ENR1_SPI2EN
 121:hardware/mcu/st/stm32wlxx_hal_driver/Inc/stm32wlxx_ll_bus.h **** #define LL_APB1_GRP1_PERIPH_USART2         RCC_APB1ENR1_USART2EN
 122:hardware/mcu/st/stm32wlxx_hal_driver/Inc/stm32wlxx_ll_bus.h **** #define LL_APB1_GRP1_PERIPH_I2C1           RCC_APB1ENR1_I2C1EN
 123:hardware/mcu/st/stm32wlxx_hal_driver/Inc/stm32wlxx_ll_bus.h **** #define LL_APB1_GRP1_PERIPH_I2C2           RCC_APB1ENR1_I2C2EN
ARM GAS  /tmp/cc1Cxz4o.s 			page 4


 124:hardware/mcu/st/stm32wlxx_hal_driver/Inc/stm32wlxx_ll_bus.h **** #define LL_APB1_GRP1_PERIPH_I2C3           RCC_APB1ENR1_I2C3EN
 125:hardware/mcu/st/stm32wlxx_hal_driver/Inc/stm32wlxx_ll_bus.h **** #define LL_APB1_GRP1_PERIPH_DAC            RCC_APB1ENR1_DACEN
 126:hardware/mcu/st/stm32wlxx_hal_driver/Inc/stm32wlxx_ll_bus.h **** #define LL_APB1_GRP1_PERIPH_LPTIM1         RCC_APB1ENR1_LPTIM1EN
 127:hardware/mcu/st/stm32wlxx_hal_driver/Inc/stm32wlxx_ll_bus.h **** /**
 128:hardware/mcu/st/stm32wlxx_hal_driver/Inc/stm32wlxx_ll_bus.h ****   * @}
 129:hardware/mcu/st/stm32wlxx_hal_driver/Inc/stm32wlxx_ll_bus.h ****   */
 130:hardware/mcu/st/stm32wlxx_hal_driver/Inc/stm32wlxx_ll_bus.h **** 
 131:hardware/mcu/st/stm32wlxx_hal_driver/Inc/stm32wlxx_ll_bus.h **** 
 132:hardware/mcu/st/stm32wlxx_hal_driver/Inc/stm32wlxx_ll_bus.h **** /** @defgroup BUS_LL_EC_APB1_GRP2_PERIPH  APB1 GRP2 PERIPH
 133:hardware/mcu/st/stm32wlxx_hal_driver/Inc/stm32wlxx_ll_bus.h ****   * @{
 134:hardware/mcu/st/stm32wlxx_hal_driver/Inc/stm32wlxx_ll_bus.h ****   */
 135:hardware/mcu/st/stm32wlxx_hal_driver/Inc/stm32wlxx_ll_bus.h **** #define LL_APB1_GRP2_PERIPH_ALL            (0xFFFFFFFFU)
 136:hardware/mcu/st/stm32wlxx_hal_driver/Inc/stm32wlxx_ll_bus.h **** #define LL_APB1_GRP2_PERIPH_LPUART1        RCC_APB1ENR2_LPUART1EN
 137:hardware/mcu/st/stm32wlxx_hal_driver/Inc/stm32wlxx_ll_bus.h **** #define LL_APB1_GRP2_PERIPH_LPTIM2         RCC_APB1ENR2_LPTIM2EN
 138:hardware/mcu/st/stm32wlxx_hal_driver/Inc/stm32wlxx_ll_bus.h **** #define LL_APB1_GRP2_PERIPH_LPTIM3         RCC_APB1ENR2_LPTIM3EN
 139:hardware/mcu/st/stm32wlxx_hal_driver/Inc/stm32wlxx_ll_bus.h **** /**
 140:hardware/mcu/st/stm32wlxx_hal_driver/Inc/stm32wlxx_ll_bus.h ****   * @}
 141:hardware/mcu/st/stm32wlxx_hal_driver/Inc/stm32wlxx_ll_bus.h ****   */
 142:hardware/mcu/st/stm32wlxx_hal_driver/Inc/stm32wlxx_ll_bus.h **** 
 143:hardware/mcu/st/stm32wlxx_hal_driver/Inc/stm32wlxx_ll_bus.h **** /** @defgroup BUS_LL_EC_APB2_GRP1_PERIPH  APB2 GRP1 PERIPH
 144:hardware/mcu/st/stm32wlxx_hal_driver/Inc/stm32wlxx_ll_bus.h ****   * @{
 145:hardware/mcu/st/stm32wlxx_hal_driver/Inc/stm32wlxx_ll_bus.h ****   */
 146:hardware/mcu/st/stm32wlxx_hal_driver/Inc/stm32wlxx_ll_bus.h **** #define LL_APB2_GRP1_PERIPH_ALL            (0xFFFFFFFFU)
 147:hardware/mcu/st/stm32wlxx_hal_driver/Inc/stm32wlxx_ll_bus.h **** #define LL_APB2_GRP1_PERIPH_ADC            RCC_APB2ENR_ADCEN
 148:hardware/mcu/st/stm32wlxx_hal_driver/Inc/stm32wlxx_ll_bus.h **** #define LL_APB2_GRP1_PERIPH_TIM1           RCC_APB2ENR_TIM1EN
 149:hardware/mcu/st/stm32wlxx_hal_driver/Inc/stm32wlxx_ll_bus.h **** #define LL_APB2_GRP1_PERIPH_SPI1           RCC_APB2ENR_SPI1EN
 150:hardware/mcu/st/stm32wlxx_hal_driver/Inc/stm32wlxx_ll_bus.h **** #define LL_APB2_GRP1_PERIPH_USART1         RCC_APB2ENR_USART1EN
 151:hardware/mcu/st/stm32wlxx_hal_driver/Inc/stm32wlxx_ll_bus.h **** #define LL_APB2_GRP1_PERIPH_TIM16          RCC_APB2ENR_TIM16EN
 152:hardware/mcu/st/stm32wlxx_hal_driver/Inc/stm32wlxx_ll_bus.h **** #define LL_APB2_GRP1_PERIPH_TIM17          RCC_APB2ENR_TIM17EN
 153:hardware/mcu/st/stm32wlxx_hal_driver/Inc/stm32wlxx_ll_bus.h **** /**
 154:hardware/mcu/st/stm32wlxx_hal_driver/Inc/stm32wlxx_ll_bus.h ****   * @}
 155:hardware/mcu/st/stm32wlxx_hal_driver/Inc/stm32wlxx_ll_bus.h ****   */
 156:hardware/mcu/st/stm32wlxx_hal_driver/Inc/stm32wlxx_ll_bus.h **** 
 157:hardware/mcu/st/stm32wlxx_hal_driver/Inc/stm32wlxx_ll_bus.h **** /** @defgroup BUS_LL_EC_APB3_GRP1_PERIPH  APB3 GRP1 PERIPH
 158:hardware/mcu/st/stm32wlxx_hal_driver/Inc/stm32wlxx_ll_bus.h ****   * @{
 159:hardware/mcu/st/stm32wlxx_hal_driver/Inc/stm32wlxx_ll_bus.h ****   */
 160:hardware/mcu/st/stm32wlxx_hal_driver/Inc/stm32wlxx_ll_bus.h **** #define LL_APB3_GRP1_PERIPH_ALL            (0xFFFFFFFFU)
 161:hardware/mcu/st/stm32wlxx_hal_driver/Inc/stm32wlxx_ll_bus.h **** #define LL_APB3_GRP1_PERIPH_SUBGHZSPI      RCC_APB3ENR_SUBGHZSPIEN
 162:hardware/mcu/st/stm32wlxx_hal_driver/Inc/stm32wlxx_ll_bus.h **** /**
 163:hardware/mcu/st/stm32wlxx_hal_driver/Inc/stm32wlxx_ll_bus.h ****   * @}
 164:hardware/mcu/st/stm32wlxx_hal_driver/Inc/stm32wlxx_ll_bus.h ****   */
 165:hardware/mcu/st/stm32wlxx_hal_driver/Inc/stm32wlxx_ll_bus.h **** 
 166:hardware/mcu/st/stm32wlxx_hal_driver/Inc/stm32wlxx_ll_bus.h **** #if defined(DUAL_CORE)
 167:hardware/mcu/st/stm32wlxx_hal_driver/Inc/stm32wlxx_ll_bus.h **** /** @defgroup BUS_LL_EC_C2_AHB1_GRP1_PERIPH  C2 AHB1 GRP1 PERIPH
 168:hardware/mcu/st/stm32wlxx_hal_driver/Inc/stm32wlxx_ll_bus.h ****   * @{
 169:hardware/mcu/st/stm32wlxx_hal_driver/Inc/stm32wlxx_ll_bus.h ****   */
 170:hardware/mcu/st/stm32wlxx_hal_driver/Inc/stm32wlxx_ll_bus.h **** #define LL_C2_AHB1_GRP1_PERIPH_DMA1         RCC_C2AHB1ENR_DMA1EN
 171:hardware/mcu/st/stm32wlxx_hal_driver/Inc/stm32wlxx_ll_bus.h **** #define LL_C2_AHB1_GRP1_PERIPH_DMA2         RCC_C2AHB1ENR_DMA2EN
 172:hardware/mcu/st/stm32wlxx_hal_driver/Inc/stm32wlxx_ll_bus.h **** #define LL_C2_AHB1_GRP1_PERIPH_DMAMUX1      RCC_C2AHB1ENR_DMAMUX1EN
 173:hardware/mcu/st/stm32wlxx_hal_driver/Inc/stm32wlxx_ll_bus.h **** #define LL_C2_AHB1_GRP1_PERIPH_CRC          RCC_C2AHB1ENR_CRCEN
 174:hardware/mcu/st/stm32wlxx_hal_driver/Inc/stm32wlxx_ll_bus.h **** /**
 175:hardware/mcu/st/stm32wlxx_hal_driver/Inc/stm32wlxx_ll_bus.h ****   * @}
 176:hardware/mcu/st/stm32wlxx_hal_driver/Inc/stm32wlxx_ll_bus.h ****   */
 177:hardware/mcu/st/stm32wlxx_hal_driver/Inc/stm32wlxx_ll_bus.h **** 
 178:hardware/mcu/st/stm32wlxx_hal_driver/Inc/stm32wlxx_ll_bus.h **** 
 179:hardware/mcu/st/stm32wlxx_hal_driver/Inc/stm32wlxx_ll_bus.h **** /** @defgroup BUS_LL_EC_C2_AHB2_GRP1_PERIPH  C2 AHB2 GRP1 PERIPH
 180:hardware/mcu/st/stm32wlxx_hal_driver/Inc/stm32wlxx_ll_bus.h ****   * @{
ARM GAS  /tmp/cc1Cxz4o.s 			page 5


 181:hardware/mcu/st/stm32wlxx_hal_driver/Inc/stm32wlxx_ll_bus.h ****   */
 182:hardware/mcu/st/stm32wlxx_hal_driver/Inc/stm32wlxx_ll_bus.h **** #define LL_C2_AHB2_GRP1_PERIPH_GPIOA        RCC_C2AHB2ENR_GPIOAEN
 183:hardware/mcu/st/stm32wlxx_hal_driver/Inc/stm32wlxx_ll_bus.h **** #define LL_C2_AHB2_GRP1_PERIPH_GPIOB        RCC_C2AHB2ENR_GPIOBEN
 184:hardware/mcu/st/stm32wlxx_hal_driver/Inc/stm32wlxx_ll_bus.h **** #define LL_C2_AHB2_GRP1_PERIPH_GPIOC        RCC_C2AHB2ENR_GPIOCEN
 185:hardware/mcu/st/stm32wlxx_hal_driver/Inc/stm32wlxx_ll_bus.h **** #define LL_C2_AHB2_GRP1_PERIPH_GPIOH        RCC_C2AHB2ENR_GPIOHEN
 186:hardware/mcu/st/stm32wlxx_hal_driver/Inc/stm32wlxx_ll_bus.h **** /**
 187:hardware/mcu/st/stm32wlxx_hal_driver/Inc/stm32wlxx_ll_bus.h ****   * @}
 188:hardware/mcu/st/stm32wlxx_hal_driver/Inc/stm32wlxx_ll_bus.h ****   */
 189:hardware/mcu/st/stm32wlxx_hal_driver/Inc/stm32wlxx_ll_bus.h **** 
 190:hardware/mcu/st/stm32wlxx_hal_driver/Inc/stm32wlxx_ll_bus.h **** 
 191:hardware/mcu/st/stm32wlxx_hal_driver/Inc/stm32wlxx_ll_bus.h **** /** @defgroup BUS_LL_EC_C2_AHB3_GRP1_PERIPH  C2 AHB3 GRP1 PERIPH
 192:hardware/mcu/st/stm32wlxx_hal_driver/Inc/stm32wlxx_ll_bus.h ****   * @{
 193:hardware/mcu/st/stm32wlxx_hal_driver/Inc/stm32wlxx_ll_bus.h ****   */
 194:hardware/mcu/st/stm32wlxx_hal_driver/Inc/stm32wlxx_ll_bus.h **** #define LL_C2_AHB3_GRP1_PERIPH_PKA          RCC_C2AHB3ENR_PKAEN
 195:hardware/mcu/st/stm32wlxx_hal_driver/Inc/stm32wlxx_ll_bus.h **** #define LL_C2_AHB3_GRP1_PERIPH_AES          RCC_C2AHB3ENR_AESEN
 196:hardware/mcu/st/stm32wlxx_hal_driver/Inc/stm32wlxx_ll_bus.h **** #define LL_C2_AHB3_GRP1_PERIPH_RNG          RCC_C2AHB3ENR_RNGEN
 197:hardware/mcu/st/stm32wlxx_hal_driver/Inc/stm32wlxx_ll_bus.h **** #define LL_C2_AHB3_GRP1_PERIPH_HSEM         RCC_C2AHB3ENR_HSEMEN
 198:hardware/mcu/st/stm32wlxx_hal_driver/Inc/stm32wlxx_ll_bus.h **** #define LL_C2_AHB3_GRP1_PERIPH_IPCC         RCC_C2AHB3ENR_IPCCEN
 199:hardware/mcu/st/stm32wlxx_hal_driver/Inc/stm32wlxx_ll_bus.h **** #define LL_C2_AHB3_GRP1_PERIPH_FLASH        RCC_C2AHB3ENR_FLASHEN
 200:hardware/mcu/st/stm32wlxx_hal_driver/Inc/stm32wlxx_ll_bus.h **** #define LL_C2_AHB3_GRP1_PERIPH_SRAM1        RCC_C2AHB3SMENR_SRAM1SMEN
 201:hardware/mcu/st/stm32wlxx_hal_driver/Inc/stm32wlxx_ll_bus.h **** #define LL_C2_AHB3_GRP1_PERIPH_SRAM2        RCC_C2AHB3SMENR_SRAM2SMEN
 202:hardware/mcu/st/stm32wlxx_hal_driver/Inc/stm32wlxx_ll_bus.h **** /**
 203:hardware/mcu/st/stm32wlxx_hal_driver/Inc/stm32wlxx_ll_bus.h ****   * @}
 204:hardware/mcu/st/stm32wlxx_hal_driver/Inc/stm32wlxx_ll_bus.h ****   */
 205:hardware/mcu/st/stm32wlxx_hal_driver/Inc/stm32wlxx_ll_bus.h **** 
 206:hardware/mcu/st/stm32wlxx_hal_driver/Inc/stm32wlxx_ll_bus.h **** 
 207:hardware/mcu/st/stm32wlxx_hal_driver/Inc/stm32wlxx_ll_bus.h **** /** @defgroup BUS_LL_EC_C2_APB1_GRP1_PERIPH  C2 APB1 GRP1 PERIPH
 208:hardware/mcu/st/stm32wlxx_hal_driver/Inc/stm32wlxx_ll_bus.h ****   * @{
 209:hardware/mcu/st/stm32wlxx_hal_driver/Inc/stm32wlxx_ll_bus.h ****   */
 210:hardware/mcu/st/stm32wlxx_hal_driver/Inc/stm32wlxx_ll_bus.h **** #define LL_C2_APB1_GRP1_PERIPH_TIM2         RCC_C2APB1ENR1_TIM2EN
 211:hardware/mcu/st/stm32wlxx_hal_driver/Inc/stm32wlxx_ll_bus.h **** #define LL_C2_APB1_GRP1_PERIPH_RTCAPB       RCC_C2APB1ENR1_RTCAPBEN
 212:hardware/mcu/st/stm32wlxx_hal_driver/Inc/stm32wlxx_ll_bus.h **** #define LL_C2_APB1_GRP1_PERIPH_SPI2         RCC_C2APB1ENR1_SPI2EN
 213:hardware/mcu/st/stm32wlxx_hal_driver/Inc/stm32wlxx_ll_bus.h **** #define LL_C2_APB1_GRP1_PERIPH_USART2       RCC_C2APB1ENR1_USART2EN
 214:hardware/mcu/st/stm32wlxx_hal_driver/Inc/stm32wlxx_ll_bus.h **** #define LL_C2_APB1_GRP1_PERIPH_I2C1         RCC_C2APB1ENR1_I2C1EN
 215:hardware/mcu/st/stm32wlxx_hal_driver/Inc/stm32wlxx_ll_bus.h **** #define LL_C2_APB1_GRP1_PERIPH_I2C2         RCC_C2APB1ENR1_I2C2EN
 216:hardware/mcu/st/stm32wlxx_hal_driver/Inc/stm32wlxx_ll_bus.h **** #define LL_C2_APB1_GRP1_PERIPH_I2C3         RCC_C2APB1ENR1_I2C3EN
 217:hardware/mcu/st/stm32wlxx_hal_driver/Inc/stm32wlxx_ll_bus.h **** #define LL_C2_APB1_GRP1_PERIPH_DAC          RCC_C2APB1ENR1_DACEN
 218:hardware/mcu/st/stm32wlxx_hal_driver/Inc/stm32wlxx_ll_bus.h **** #define LL_C2_APB1_GRP1_PERIPH_LPTIM1       RCC_C2APB1ENR1_LPTIM1EN
 219:hardware/mcu/st/stm32wlxx_hal_driver/Inc/stm32wlxx_ll_bus.h **** /**
 220:hardware/mcu/st/stm32wlxx_hal_driver/Inc/stm32wlxx_ll_bus.h ****   * @}
 221:hardware/mcu/st/stm32wlxx_hal_driver/Inc/stm32wlxx_ll_bus.h ****   */
 222:hardware/mcu/st/stm32wlxx_hal_driver/Inc/stm32wlxx_ll_bus.h **** 
 223:hardware/mcu/st/stm32wlxx_hal_driver/Inc/stm32wlxx_ll_bus.h **** 
 224:hardware/mcu/st/stm32wlxx_hal_driver/Inc/stm32wlxx_ll_bus.h **** /** @defgroup BUS_LL_EC_C2_APB1_GRP2_PERIPH  C2 APB1 GRP2 PERIPH
 225:hardware/mcu/st/stm32wlxx_hal_driver/Inc/stm32wlxx_ll_bus.h ****   * @{
 226:hardware/mcu/st/stm32wlxx_hal_driver/Inc/stm32wlxx_ll_bus.h ****   */
 227:hardware/mcu/st/stm32wlxx_hal_driver/Inc/stm32wlxx_ll_bus.h **** #define LL_C2_APB1_GRP2_PERIPH_LPUART1      RCC_C2APB1ENR2_LPUART1EN
 228:hardware/mcu/st/stm32wlxx_hal_driver/Inc/stm32wlxx_ll_bus.h **** #define LL_C2_APB1_GRP2_PERIPH_LPTIM2       RCC_C2APB1ENR2_LPTIM2EN
 229:hardware/mcu/st/stm32wlxx_hal_driver/Inc/stm32wlxx_ll_bus.h **** #define LL_C2_APB1_GRP2_PERIPH_LPTIM3       RCC_C2APB1ENR2_LPTIM3EN
 230:hardware/mcu/st/stm32wlxx_hal_driver/Inc/stm32wlxx_ll_bus.h **** /**
 231:hardware/mcu/st/stm32wlxx_hal_driver/Inc/stm32wlxx_ll_bus.h ****   * @}
 232:hardware/mcu/st/stm32wlxx_hal_driver/Inc/stm32wlxx_ll_bus.h ****   */
 233:hardware/mcu/st/stm32wlxx_hal_driver/Inc/stm32wlxx_ll_bus.h **** 
 234:hardware/mcu/st/stm32wlxx_hal_driver/Inc/stm32wlxx_ll_bus.h **** 
 235:hardware/mcu/st/stm32wlxx_hal_driver/Inc/stm32wlxx_ll_bus.h **** /** @defgroup BUS_LL_EC_C2_APB2_GRP1_PERIPH  C2 APB2 GRP1 PERIPH
 236:hardware/mcu/st/stm32wlxx_hal_driver/Inc/stm32wlxx_ll_bus.h ****   * @{
 237:hardware/mcu/st/stm32wlxx_hal_driver/Inc/stm32wlxx_ll_bus.h ****   */
ARM GAS  /tmp/cc1Cxz4o.s 			page 6


 238:hardware/mcu/st/stm32wlxx_hal_driver/Inc/stm32wlxx_ll_bus.h **** #define LL_C2_APB2_GRP1_PERIPH_ADC          RCC_C2APB2ENR_ADCEN
 239:hardware/mcu/st/stm32wlxx_hal_driver/Inc/stm32wlxx_ll_bus.h **** #define LL_C2_APB2_GRP1_PERIPH_TIM1         RCC_C2APB2ENR_TIM1EN
 240:hardware/mcu/st/stm32wlxx_hal_driver/Inc/stm32wlxx_ll_bus.h **** #define LL_C2_APB2_GRP1_PERIPH_SPI1         RCC_C2APB2ENR_SPI1EN
 241:hardware/mcu/st/stm32wlxx_hal_driver/Inc/stm32wlxx_ll_bus.h **** #define LL_C2_APB2_GRP1_PERIPH_USART1       RCC_C2APB2ENR_USART1EN
 242:hardware/mcu/st/stm32wlxx_hal_driver/Inc/stm32wlxx_ll_bus.h **** #define LL_C2_APB2_GRP1_PERIPH_TIM16        RCC_C2APB2ENR_TIM16EN
 243:hardware/mcu/st/stm32wlxx_hal_driver/Inc/stm32wlxx_ll_bus.h **** #define LL_C2_APB2_GRP1_PERIPH_TIM17        RCC_C2APB2ENR_TIM17EN
 244:hardware/mcu/st/stm32wlxx_hal_driver/Inc/stm32wlxx_ll_bus.h **** /**
 245:hardware/mcu/st/stm32wlxx_hal_driver/Inc/stm32wlxx_ll_bus.h ****   * @}
 246:hardware/mcu/st/stm32wlxx_hal_driver/Inc/stm32wlxx_ll_bus.h ****   */
 247:hardware/mcu/st/stm32wlxx_hal_driver/Inc/stm32wlxx_ll_bus.h **** 
 248:hardware/mcu/st/stm32wlxx_hal_driver/Inc/stm32wlxx_ll_bus.h **** 
 249:hardware/mcu/st/stm32wlxx_hal_driver/Inc/stm32wlxx_ll_bus.h **** /** @defgroup BUS_LL_EC_C2_APB3_GRP1_PERIPH  C2 APB3 GRP1 PERIPH
 250:hardware/mcu/st/stm32wlxx_hal_driver/Inc/stm32wlxx_ll_bus.h ****   * @{
 251:hardware/mcu/st/stm32wlxx_hal_driver/Inc/stm32wlxx_ll_bus.h ****   */
 252:hardware/mcu/st/stm32wlxx_hal_driver/Inc/stm32wlxx_ll_bus.h **** #define LL_C2_APB3_GRP1_PERIPH_SUBGHZSPI    RCC_C2APB3ENR_SUBGHZSPIEN
 253:hardware/mcu/st/stm32wlxx_hal_driver/Inc/stm32wlxx_ll_bus.h **** /**
 254:hardware/mcu/st/stm32wlxx_hal_driver/Inc/stm32wlxx_ll_bus.h ****   * @}
 255:hardware/mcu/st/stm32wlxx_hal_driver/Inc/stm32wlxx_ll_bus.h ****   */
 256:hardware/mcu/st/stm32wlxx_hal_driver/Inc/stm32wlxx_ll_bus.h **** #endif /* DUAL_CORE */
 257:hardware/mcu/st/stm32wlxx_hal_driver/Inc/stm32wlxx_ll_bus.h **** 
 258:hardware/mcu/st/stm32wlxx_hal_driver/Inc/stm32wlxx_ll_bus.h **** /**
 259:hardware/mcu/st/stm32wlxx_hal_driver/Inc/stm32wlxx_ll_bus.h ****   * @}
 260:hardware/mcu/st/stm32wlxx_hal_driver/Inc/stm32wlxx_ll_bus.h ****   */
 261:hardware/mcu/st/stm32wlxx_hal_driver/Inc/stm32wlxx_ll_bus.h **** 
 262:hardware/mcu/st/stm32wlxx_hal_driver/Inc/stm32wlxx_ll_bus.h **** /* Exported macro ------------------------------------------------------------*/
 263:hardware/mcu/st/stm32wlxx_hal_driver/Inc/stm32wlxx_ll_bus.h **** 
 264:hardware/mcu/st/stm32wlxx_hal_driver/Inc/stm32wlxx_ll_bus.h **** /* Exported functions --------------------------------------------------------*/
 265:hardware/mcu/st/stm32wlxx_hal_driver/Inc/stm32wlxx_ll_bus.h **** 
 266:hardware/mcu/st/stm32wlxx_hal_driver/Inc/stm32wlxx_ll_bus.h **** /** @defgroup BUS_LL_Exported_Functions BUS Exported Functions
 267:hardware/mcu/st/stm32wlxx_hal_driver/Inc/stm32wlxx_ll_bus.h ****   * @{
 268:hardware/mcu/st/stm32wlxx_hal_driver/Inc/stm32wlxx_ll_bus.h ****   */
 269:hardware/mcu/st/stm32wlxx_hal_driver/Inc/stm32wlxx_ll_bus.h **** 
 270:hardware/mcu/st/stm32wlxx_hal_driver/Inc/stm32wlxx_ll_bus.h **** /** @defgroup BUS_LL_EF_AHB1 AHB1
 271:hardware/mcu/st/stm32wlxx_hal_driver/Inc/stm32wlxx_ll_bus.h ****   * @{
 272:hardware/mcu/st/stm32wlxx_hal_driver/Inc/stm32wlxx_ll_bus.h ****   */
 273:hardware/mcu/st/stm32wlxx_hal_driver/Inc/stm32wlxx_ll_bus.h **** 
 274:hardware/mcu/st/stm32wlxx_hal_driver/Inc/stm32wlxx_ll_bus.h **** /**
 275:hardware/mcu/st/stm32wlxx_hal_driver/Inc/stm32wlxx_ll_bus.h ****   * @brief  Enable AHB1 peripherals clock.
 276:hardware/mcu/st/stm32wlxx_hal_driver/Inc/stm32wlxx_ll_bus.h ****   * @rmtoll AHB1ENR      DMA1EN        LL_AHB1_GRP1_EnableClock\n
 277:hardware/mcu/st/stm32wlxx_hal_driver/Inc/stm32wlxx_ll_bus.h ****   *         AHB1ENR      DMA2EN        LL_AHB1_GRP1_EnableClock\n
 278:hardware/mcu/st/stm32wlxx_hal_driver/Inc/stm32wlxx_ll_bus.h ****   *         AHB1ENR      DMAMUX1EN     LL_AHB1_GRP1_EnableClock\n
 279:hardware/mcu/st/stm32wlxx_hal_driver/Inc/stm32wlxx_ll_bus.h ****   *         AHB1ENR      CRCEN         LL_AHB1_GRP1_EnableClock\n
 280:hardware/mcu/st/stm32wlxx_hal_driver/Inc/stm32wlxx_ll_bus.h ****   * @param  Periphs This parameter can be a combination of the following values:
 281:hardware/mcu/st/stm32wlxx_hal_driver/Inc/stm32wlxx_ll_bus.h ****   *         @arg @ref LL_AHB1_GRP1_PERIPH_DMA1
 282:hardware/mcu/st/stm32wlxx_hal_driver/Inc/stm32wlxx_ll_bus.h ****   *         @arg @ref LL_AHB1_GRP1_PERIPH_DMA2
 283:hardware/mcu/st/stm32wlxx_hal_driver/Inc/stm32wlxx_ll_bus.h ****   *         @arg @ref LL_AHB1_GRP1_PERIPH_DMAMUX1
 284:hardware/mcu/st/stm32wlxx_hal_driver/Inc/stm32wlxx_ll_bus.h ****   *         @arg @ref LL_AHB1_GRP1_PERIPH_CRC
 285:hardware/mcu/st/stm32wlxx_hal_driver/Inc/stm32wlxx_ll_bus.h ****   * @retval None
 286:hardware/mcu/st/stm32wlxx_hal_driver/Inc/stm32wlxx_ll_bus.h ****   */
 287:hardware/mcu/st/stm32wlxx_hal_driver/Inc/stm32wlxx_ll_bus.h **** __STATIC_INLINE void LL_AHB1_GRP1_EnableClock(uint32_t Periphs)
 288:hardware/mcu/st/stm32wlxx_hal_driver/Inc/stm32wlxx_ll_bus.h **** {
 289:hardware/mcu/st/stm32wlxx_hal_driver/Inc/stm32wlxx_ll_bus.h ****   __IO uint32_t tmpreg;
 290:hardware/mcu/st/stm32wlxx_hal_driver/Inc/stm32wlxx_ll_bus.h ****   SET_BIT(RCC->AHB1ENR, Periphs);
 291:hardware/mcu/st/stm32wlxx_hal_driver/Inc/stm32wlxx_ll_bus.h ****   /* Delay after an RCC peripheral clock enabling */
 292:hardware/mcu/st/stm32wlxx_hal_driver/Inc/stm32wlxx_ll_bus.h ****   tmpreg = READ_BIT(RCC->AHB1ENR, Periphs);
 293:hardware/mcu/st/stm32wlxx_hal_driver/Inc/stm32wlxx_ll_bus.h ****   (void)tmpreg;
 294:hardware/mcu/st/stm32wlxx_hal_driver/Inc/stm32wlxx_ll_bus.h **** }
ARM GAS  /tmp/cc1Cxz4o.s 			page 7


 295:hardware/mcu/st/stm32wlxx_hal_driver/Inc/stm32wlxx_ll_bus.h **** 
 296:hardware/mcu/st/stm32wlxx_hal_driver/Inc/stm32wlxx_ll_bus.h **** /**
 297:hardware/mcu/st/stm32wlxx_hal_driver/Inc/stm32wlxx_ll_bus.h ****   * @brief  Check if AHB1 peripheral clock is enabled or not
 298:hardware/mcu/st/stm32wlxx_hal_driver/Inc/stm32wlxx_ll_bus.h ****   * @rmtoll AHB1ENR      DMA1EN        LL_AHB1_GRP1_IsEnabledClock\n
 299:hardware/mcu/st/stm32wlxx_hal_driver/Inc/stm32wlxx_ll_bus.h ****   *         AHB1ENR      DMA2EN        LL_AHB1_GRP1_IsEnabledClock\n
 300:hardware/mcu/st/stm32wlxx_hal_driver/Inc/stm32wlxx_ll_bus.h ****   *         AHB1ENR      DMAMUX1EN     LL_AHB1_GRP1_IsEnabledClock\n
 301:hardware/mcu/st/stm32wlxx_hal_driver/Inc/stm32wlxx_ll_bus.h ****   *         AHB1ENR      CRCEN         LL_AHB1_GRP1_IsEnabledClock\n
 302:hardware/mcu/st/stm32wlxx_hal_driver/Inc/stm32wlxx_ll_bus.h ****   * @param  Periphs This parameter can be a combination of the following values:
 303:hardware/mcu/st/stm32wlxx_hal_driver/Inc/stm32wlxx_ll_bus.h ****   *         @arg @ref LL_AHB1_GRP1_PERIPH_DMA1
 304:hardware/mcu/st/stm32wlxx_hal_driver/Inc/stm32wlxx_ll_bus.h ****   *         @arg @ref LL_AHB1_GRP1_PERIPH_DMA2
 305:hardware/mcu/st/stm32wlxx_hal_driver/Inc/stm32wlxx_ll_bus.h ****   *         @arg @ref LL_AHB1_GRP1_PERIPH_DMAMUX1
 306:hardware/mcu/st/stm32wlxx_hal_driver/Inc/stm32wlxx_ll_bus.h ****   *         @arg @ref LL_AHB1_GRP1_PERIPH_CRC
 307:hardware/mcu/st/stm32wlxx_hal_driver/Inc/stm32wlxx_ll_bus.h ****   * @retval uint32_t
 308:hardware/mcu/st/stm32wlxx_hal_driver/Inc/stm32wlxx_ll_bus.h ****   */
 309:hardware/mcu/st/stm32wlxx_hal_driver/Inc/stm32wlxx_ll_bus.h **** __STATIC_INLINE uint32_t LL_AHB1_GRP1_IsEnabledClock(uint32_t Periphs)
 310:hardware/mcu/st/stm32wlxx_hal_driver/Inc/stm32wlxx_ll_bus.h **** {
 311:hardware/mcu/st/stm32wlxx_hal_driver/Inc/stm32wlxx_ll_bus.h ****   return ((READ_BIT(RCC->AHB1ENR, Periphs) == (Periphs)) ? 1UL : 0UL);
 312:hardware/mcu/st/stm32wlxx_hal_driver/Inc/stm32wlxx_ll_bus.h **** }
 313:hardware/mcu/st/stm32wlxx_hal_driver/Inc/stm32wlxx_ll_bus.h **** 
 314:hardware/mcu/st/stm32wlxx_hal_driver/Inc/stm32wlxx_ll_bus.h **** /**
 315:hardware/mcu/st/stm32wlxx_hal_driver/Inc/stm32wlxx_ll_bus.h ****   * @brief  Disable AHB1 peripherals clock.
 316:hardware/mcu/st/stm32wlxx_hal_driver/Inc/stm32wlxx_ll_bus.h ****   * @rmtoll AHB1ENR      DMA1EN        LL_AHB1_GRP1_DisableClock\n
 317:hardware/mcu/st/stm32wlxx_hal_driver/Inc/stm32wlxx_ll_bus.h ****   *         AHB1ENR      DMA2EN        LL_AHB1_GRP1_DisableClock\n
 318:hardware/mcu/st/stm32wlxx_hal_driver/Inc/stm32wlxx_ll_bus.h ****   *         AHB1ENR      DMAMUX1EN     LL_AHB1_GRP1_DisableClock\n
 319:hardware/mcu/st/stm32wlxx_hal_driver/Inc/stm32wlxx_ll_bus.h ****   *         AHB1ENR      CRCEN         LL_AHB1_GRP1_DisableClock\n
 320:hardware/mcu/st/stm32wlxx_hal_driver/Inc/stm32wlxx_ll_bus.h ****   * @param  Periphs This parameter can be a combination of the following values:
 321:hardware/mcu/st/stm32wlxx_hal_driver/Inc/stm32wlxx_ll_bus.h ****   *         @arg @ref LL_AHB1_GRP1_PERIPH_DMA1
 322:hardware/mcu/st/stm32wlxx_hal_driver/Inc/stm32wlxx_ll_bus.h ****   *         @arg @ref LL_AHB1_GRP1_PERIPH_DMA2
 323:hardware/mcu/st/stm32wlxx_hal_driver/Inc/stm32wlxx_ll_bus.h ****   *         @arg @ref LL_AHB1_GRP1_PERIPH_DMAMUX1
 324:hardware/mcu/st/stm32wlxx_hal_driver/Inc/stm32wlxx_ll_bus.h ****   *         @arg @ref LL_AHB1_GRP1_PERIPH_CRC
 325:hardware/mcu/st/stm32wlxx_hal_driver/Inc/stm32wlxx_ll_bus.h ****   * @retval None
 326:hardware/mcu/st/stm32wlxx_hal_driver/Inc/stm32wlxx_ll_bus.h ****   */
 327:hardware/mcu/st/stm32wlxx_hal_driver/Inc/stm32wlxx_ll_bus.h **** __STATIC_INLINE void LL_AHB1_GRP1_DisableClock(uint32_t Periphs)
 328:hardware/mcu/st/stm32wlxx_hal_driver/Inc/stm32wlxx_ll_bus.h **** {
 329:hardware/mcu/st/stm32wlxx_hal_driver/Inc/stm32wlxx_ll_bus.h ****   CLEAR_BIT(RCC->AHB1ENR, Periphs);
 330:hardware/mcu/st/stm32wlxx_hal_driver/Inc/stm32wlxx_ll_bus.h **** }
 331:hardware/mcu/st/stm32wlxx_hal_driver/Inc/stm32wlxx_ll_bus.h **** 
 332:hardware/mcu/st/stm32wlxx_hal_driver/Inc/stm32wlxx_ll_bus.h **** /**
 333:hardware/mcu/st/stm32wlxx_hal_driver/Inc/stm32wlxx_ll_bus.h ****   * @brief  Force AHB1 peripherals reset.
 334:hardware/mcu/st/stm32wlxx_hal_driver/Inc/stm32wlxx_ll_bus.h ****   * @rmtoll AHB1RSTR     DMA1RST       LL_AHB1_GRP1_ForceReset\n
 335:hardware/mcu/st/stm32wlxx_hal_driver/Inc/stm32wlxx_ll_bus.h ****   *         AHB1RSTR     DMA2RST       LL_AHB1_GRP1_ForceReset\n
 336:hardware/mcu/st/stm32wlxx_hal_driver/Inc/stm32wlxx_ll_bus.h ****   *         AHB1RSTR     DMAMUX1RST    LL_AHB1_GRP1_ForceReset\n
 337:hardware/mcu/st/stm32wlxx_hal_driver/Inc/stm32wlxx_ll_bus.h ****   *         AHB1RSTR     CRCRST        LL_AHB1_GRP1_ForceReset\n
 338:hardware/mcu/st/stm32wlxx_hal_driver/Inc/stm32wlxx_ll_bus.h ****   * @param  Periphs This parameter can be a combination of the following values:
 339:hardware/mcu/st/stm32wlxx_hal_driver/Inc/stm32wlxx_ll_bus.h ****   *         @arg @ref LL_AHB1_GRP1_PERIPH_ALL
 340:hardware/mcu/st/stm32wlxx_hal_driver/Inc/stm32wlxx_ll_bus.h ****   *         @arg @ref LL_AHB1_GRP1_PERIPH_DMA1
 341:hardware/mcu/st/stm32wlxx_hal_driver/Inc/stm32wlxx_ll_bus.h ****   *         @arg @ref LL_AHB1_GRP1_PERIPH_DMA2
 342:hardware/mcu/st/stm32wlxx_hal_driver/Inc/stm32wlxx_ll_bus.h ****   *         @arg @ref LL_AHB1_GRP1_PERIPH_DMAMUX1
 343:hardware/mcu/st/stm32wlxx_hal_driver/Inc/stm32wlxx_ll_bus.h ****   *         @arg @ref LL_AHB1_GRP1_PERIPH_CRC
 344:hardware/mcu/st/stm32wlxx_hal_driver/Inc/stm32wlxx_ll_bus.h ****   * @retval None
 345:hardware/mcu/st/stm32wlxx_hal_driver/Inc/stm32wlxx_ll_bus.h ****   */
 346:hardware/mcu/st/stm32wlxx_hal_driver/Inc/stm32wlxx_ll_bus.h **** __STATIC_INLINE void LL_AHB1_GRP1_ForceReset(uint32_t Periphs)
 347:hardware/mcu/st/stm32wlxx_hal_driver/Inc/stm32wlxx_ll_bus.h **** {
 348:hardware/mcu/st/stm32wlxx_hal_driver/Inc/stm32wlxx_ll_bus.h ****   SET_BIT(RCC->AHB1RSTR, Periphs);
 349:hardware/mcu/st/stm32wlxx_hal_driver/Inc/stm32wlxx_ll_bus.h **** }
 350:hardware/mcu/st/stm32wlxx_hal_driver/Inc/stm32wlxx_ll_bus.h **** 
 351:hardware/mcu/st/stm32wlxx_hal_driver/Inc/stm32wlxx_ll_bus.h **** /**
ARM GAS  /tmp/cc1Cxz4o.s 			page 8


 352:hardware/mcu/st/stm32wlxx_hal_driver/Inc/stm32wlxx_ll_bus.h ****   * @brief  Release AHB1 peripherals reset.
 353:hardware/mcu/st/stm32wlxx_hal_driver/Inc/stm32wlxx_ll_bus.h ****   * @rmtoll AHB1RSTR     DMA1RST       LL_AHB1_GRP1_ReleaseReset\n
 354:hardware/mcu/st/stm32wlxx_hal_driver/Inc/stm32wlxx_ll_bus.h ****   *         AHB1RSTR     DMA2RST       LL_AHB1_GRP1_ReleaseReset\n
 355:hardware/mcu/st/stm32wlxx_hal_driver/Inc/stm32wlxx_ll_bus.h ****   *         AHB1RSTR     DMAMUX1RST     LL_AHB1_GRP1_ReleaseReset\n
 356:hardware/mcu/st/stm32wlxx_hal_driver/Inc/stm32wlxx_ll_bus.h ****   *         AHB1RSTR     CRCRST        LL_AHB1_GRP1_ReleaseReset\n
 357:hardware/mcu/st/stm32wlxx_hal_driver/Inc/stm32wlxx_ll_bus.h ****   * @param  Periphs This parameter can be a combination of the following values:
 358:hardware/mcu/st/stm32wlxx_hal_driver/Inc/stm32wlxx_ll_bus.h ****   *         @arg @ref LL_AHB1_GRP1_PERIPH_ALL
 359:hardware/mcu/st/stm32wlxx_hal_driver/Inc/stm32wlxx_ll_bus.h ****   *         @arg @ref LL_AHB1_GRP1_PERIPH_DMA1
 360:hardware/mcu/st/stm32wlxx_hal_driver/Inc/stm32wlxx_ll_bus.h ****   *         @arg @ref LL_AHB1_GRP1_PERIPH_DMA2
 361:hardware/mcu/st/stm32wlxx_hal_driver/Inc/stm32wlxx_ll_bus.h ****   *         @arg @ref LL_AHB1_GRP1_PERIPH_DMAMUX1
 362:hardware/mcu/st/stm32wlxx_hal_driver/Inc/stm32wlxx_ll_bus.h ****   *         @arg @ref LL_AHB1_GRP1_PERIPH_CRC
 363:hardware/mcu/st/stm32wlxx_hal_driver/Inc/stm32wlxx_ll_bus.h ****   * @retval None
 364:hardware/mcu/st/stm32wlxx_hal_driver/Inc/stm32wlxx_ll_bus.h ****   */
 365:hardware/mcu/st/stm32wlxx_hal_driver/Inc/stm32wlxx_ll_bus.h **** __STATIC_INLINE void LL_AHB1_GRP1_ReleaseReset(uint32_t Periphs)
 366:hardware/mcu/st/stm32wlxx_hal_driver/Inc/stm32wlxx_ll_bus.h **** {
 367:hardware/mcu/st/stm32wlxx_hal_driver/Inc/stm32wlxx_ll_bus.h ****   CLEAR_BIT(RCC->AHB1RSTR, Periphs);
 368:hardware/mcu/st/stm32wlxx_hal_driver/Inc/stm32wlxx_ll_bus.h **** }
 369:hardware/mcu/st/stm32wlxx_hal_driver/Inc/stm32wlxx_ll_bus.h **** 
 370:hardware/mcu/st/stm32wlxx_hal_driver/Inc/stm32wlxx_ll_bus.h **** /**
 371:hardware/mcu/st/stm32wlxx_hal_driver/Inc/stm32wlxx_ll_bus.h ****   * @brief  Enable AHB1 peripherals clock during Low Power (Sleep) mode.
 372:hardware/mcu/st/stm32wlxx_hal_driver/Inc/stm32wlxx_ll_bus.h ****   * @rmtoll AHB1SMENR    DMA1SMEN      LL_AHB1_GRP1_EnableClockSleep\n
 373:hardware/mcu/st/stm32wlxx_hal_driver/Inc/stm32wlxx_ll_bus.h ****   *         AHB1SMENR    DMA2SMEN      LL_AHB1_GRP1_EnableClockSleep\n
 374:hardware/mcu/st/stm32wlxx_hal_driver/Inc/stm32wlxx_ll_bus.h ****   *         AHB1SMENR    DMAMUX1SMEN   LL_AHB1_GRP1_EnableClockSleep\n
 375:hardware/mcu/st/stm32wlxx_hal_driver/Inc/stm32wlxx_ll_bus.h ****   *         AHB1SMENR    CRCSMEN       LL_AHB1_GRP1_EnableClockSleep\n
 376:hardware/mcu/st/stm32wlxx_hal_driver/Inc/stm32wlxx_ll_bus.h ****   * @param  Periphs This parameter can be a combination of the following values:
 377:hardware/mcu/st/stm32wlxx_hal_driver/Inc/stm32wlxx_ll_bus.h ****   *         @arg @ref LL_AHB1_GRP1_PERIPH_DMA1
 378:hardware/mcu/st/stm32wlxx_hal_driver/Inc/stm32wlxx_ll_bus.h ****   *         @arg @ref LL_AHB1_GRP1_PERIPH_DMA2
 379:hardware/mcu/st/stm32wlxx_hal_driver/Inc/stm32wlxx_ll_bus.h ****   *         @arg @ref LL_AHB1_GRP1_PERIPH_DMAMUX1
 380:hardware/mcu/st/stm32wlxx_hal_driver/Inc/stm32wlxx_ll_bus.h ****   *         @arg @ref LL_AHB1_GRP1_PERIPH_CRC
 381:hardware/mcu/st/stm32wlxx_hal_driver/Inc/stm32wlxx_ll_bus.h ****   * @retval None
 382:hardware/mcu/st/stm32wlxx_hal_driver/Inc/stm32wlxx_ll_bus.h ****   */
 383:hardware/mcu/st/stm32wlxx_hal_driver/Inc/stm32wlxx_ll_bus.h **** __STATIC_INLINE void LL_AHB1_GRP1_EnableClockSleep(uint32_t Periphs)
 384:hardware/mcu/st/stm32wlxx_hal_driver/Inc/stm32wlxx_ll_bus.h **** {
 385:hardware/mcu/st/stm32wlxx_hal_driver/Inc/stm32wlxx_ll_bus.h ****   __IO uint32_t tmpreg;
 386:hardware/mcu/st/stm32wlxx_hal_driver/Inc/stm32wlxx_ll_bus.h ****   SET_BIT(RCC->AHB1SMENR, Periphs);
 387:hardware/mcu/st/stm32wlxx_hal_driver/Inc/stm32wlxx_ll_bus.h ****   /* Delay after an RCC peripheral clock enabling */
 388:hardware/mcu/st/stm32wlxx_hal_driver/Inc/stm32wlxx_ll_bus.h ****   tmpreg = READ_BIT(RCC->AHB1SMENR, Periphs);
 389:hardware/mcu/st/stm32wlxx_hal_driver/Inc/stm32wlxx_ll_bus.h ****   (void)tmpreg;
 390:hardware/mcu/st/stm32wlxx_hal_driver/Inc/stm32wlxx_ll_bus.h **** }
 391:hardware/mcu/st/stm32wlxx_hal_driver/Inc/stm32wlxx_ll_bus.h **** 
 392:hardware/mcu/st/stm32wlxx_hal_driver/Inc/stm32wlxx_ll_bus.h **** /**
 393:hardware/mcu/st/stm32wlxx_hal_driver/Inc/stm32wlxx_ll_bus.h ****   * @brief  Check if AHB1 peripheral clock is enabled by the clock gating during CPU1 CSleep mode
 394:hardware/mcu/st/stm32wlxx_hal_driver/Inc/stm32wlxx_ll_bus.h ****   * @rmtoll AHB1SMENR    DMA1SMEN      LL_AHB1_GRP1_IsEnabledClockSleep\n
 395:hardware/mcu/st/stm32wlxx_hal_driver/Inc/stm32wlxx_ll_bus.h ****   *         AHB1SMENR    DMA2SMEN      LL_AHB1_GRP1_IsEnabledClockSleep\n
 396:hardware/mcu/st/stm32wlxx_hal_driver/Inc/stm32wlxx_ll_bus.h ****   *         AHB1SMENR    DMAMUX1SMEN   LL_AHB1_GRP1_IsEnabledClockSleep\n
 397:hardware/mcu/st/stm32wlxx_hal_driver/Inc/stm32wlxx_ll_bus.h ****   *         AHB1SMENR    CRCSMEN       LL_AHB1_GRP1_IsEnabledClockSleep
 398:hardware/mcu/st/stm32wlxx_hal_driver/Inc/stm32wlxx_ll_bus.h ****   * @param  Periphs This parameter can be a combination of the following values:
 399:hardware/mcu/st/stm32wlxx_hal_driver/Inc/stm32wlxx_ll_bus.h ****   *         @arg @ref LL_AHB1_GRP1_PERIPH_DMA1
 400:hardware/mcu/st/stm32wlxx_hal_driver/Inc/stm32wlxx_ll_bus.h ****   *         @arg @ref LL_AHB1_GRP1_PERIPH_DMA2
 401:hardware/mcu/st/stm32wlxx_hal_driver/Inc/stm32wlxx_ll_bus.h ****   *         @arg @ref LL_AHB1_GRP1_PERIPH_DMAMUX1
 402:hardware/mcu/st/stm32wlxx_hal_driver/Inc/stm32wlxx_ll_bus.h ****   *         @arg @ref LL_AHB1_GRP1_PERIPH_CRC
 403:hardware/mcu/st/stm32wlxx_hal_driver/Inc/stm32wlxx_ll_bus.h ****   * @retval uint32_t
 404:hardware/mcu/st/stm32wlxx_hal_driver/Inc/stm32wlxx_ll_bus.h ****   */
 405:hardware/mcu/st/stm32wlxx_hal_driver/Inc/stm32wlxx_ll_bus.h **** __STATIC_INLINE uint32_t LL_AHB1_GRP1_IsEnabledClockSleep(uint32_t Periphs)
 406:hardware/mcu/st/stm32wlxx_hal_driver/Inc/stm32wlxx_ll_bus.h **** {
 407:hardware/mcu/st/stm32wlxx_hal_driver/Inc/stm32wlxx_ll_bus.h ****   return ((READ_BIT(RCC->AHB1SMENR, Periphs) == (Periphs)) ? 1UL : 0UL);
 408:hardware/mcu/st/stm32wlxx_hal_driver/Inc/stm32wlxx_ll_bus.h **** }
ARM GAS  /tmp/cc1Cxz4o.s 			page 9


 409:hardware/mcu/st/stm32wlxx_hal_driver/Inc/stm32wlxx_ll_bus.h **** 
 410:hardware/mcu/st/stm32wlxx_hal_driver/Inc/stm32wlxx_ll_bus.h **** /**
 411:hardware/mcu/st/stm32wlxx_hal_driver/Inc/stm32wlxx_ll_bus.h ****   * @brief  Disable AHB1 peripherals clock during Low Power (Sleep) mode.
 412:hardware/mcu/st/stm32wlxx_hal_driver/Inc/stm32wlxx_ll_bus.h ****   * @rmtoll AHB1SMENR    DMA1SMEN      LL_AHB1_GRP1_DisableClockSleep\n
 413:hardware/mcu/st/stm32wlxx_hal_driver/Inc/stm32wlxx_ll_bus.h ****   *         AHB1SMENR    DMA2SMEN      LL_AHB1_GRP1_DisableClockSleep\n
 414:hardware/mcu/st/stm32wlxx_hal_driver/Inc/stm32wlxx_ll_bus.h ****   *         AHB1SMENR    DMAMUX1SMEN   LL_AHB1_GRP1_DisableClockSleep\n
 415:hardware/mcu/st/stm32wlxx_hal_driver/Inc/stm32wlxx_ll_bus.h ****   *         AHB1SMENR    CRCSMEN       LL_AHB1_GRP1_DisableClockSleep\n
 416:hardware/mcu/st/stm32wlxx_hal_driver/Inc/stm32wlxx_ll_bus.h ****   * @param  Periphs This parameter can be a combination of the following values:
 417:hardware/mcu/st/stm32wlxx_hal_driver/Inc/stm32wlxx_ll_bus.h ****   *         @arg @ref LL_AHB1_GRP1_PERIPH_DMA1
 418:hardware/mcu/st/stm32wlxx_hal_driver/Inc/stm32wlxx_ll_bus.h ****   *         @arg @ref LL_AHB1_GRP1_PERIPH_DMA2
 419:hardware/mcu/st/stm32wlxx_hal_driver/Inc/stm32wlxx_ll_bus.h ****   *         @arg @ref LL_AHB1_GRP1_PERIPH_DMAMUX1
 420:hardware/mcu/st/stm32wlxx_hal_driver/Inc/stm32wlxx_ll_bus.h ****   *         @arg @ref LL_AHB1_GRP1_PERIPH_CRC
 421:hardware/mcu/st/stm32wlxx_hal_driver/Inc/stm32wlxx_ll_bus.h ****   * @retval None
 422:hardware/mcu/st/stm32wlxx_hal_driver/Inc/stm32wlxx_ll_bus.h ****   */
 423:hardware/mcu/st/stm32wlxx_hal_driver/Inc/stm32wlxx_ll_bus.h **** __STATIC_INLINE void LL_AHB1_GRP1_DisableClockSleep(uint32_t Periphs)
 424:hardware/mcu/st/stm32wlxx_hal_driver/Inc/stm32wlxx_ll_bus.h **** {
 425:hardware/mcu/st/stm32wlxx_hal_driver/Inc/stm32wlxx_ll_bus.h ****   CLEAR_BIT(RCC->AHB1SMENR, Periphs);
 426:hardware/mcu/st/stm32wlxx_hal_driver/Inc/stm32wlxx_ll_bus.h **** }
 427:hardware/mcu/st/stm32wlxx_hal_driver/Inc/stm32wlxx_ll_bus.h **** 
 428:hardware/mcu/st/stm32wlxx_hal_driver/Inc/stm32wlxx_ll_bus.h **** /**
 429:hardware/mcu/st/stm32wlxx_hal_driver/Inc/stm32wlxx_ll_bus.h ****   * @}
 430:hardware/mcu/st/stm32wlxx_hal_driver/Inc/stm32wlxx_ll_bus.h ****   */
 431:hardware/mcu/st/stm32wlxx_hal_driver/Inc/stm32wlxx_ll_bus.h **** 
 432:hardware/mcu/st/stm32wlxx_hal_driver/Inc/stm32wlxx_ll_bus.h **** /** @defgroup BUS_LL_EF_AHB2 AHB2
 433:hardware/mcu/st/stm32wlxx_hal_driver/Inc/stm32wlxx_ll_bus.h ****   * @{
 434:hardware/mcu/st/stm32wlxx_hal_driver/Inc/stm32wlxx_ll_bus.h ****   */
 435:hardware/mcu/st/stm32wlxx_hal_driver/Inc/stm32wlxx_ll_bus.h **** 
 436:hardware/mcu/st/stm32wlxx_hal_driver/Inc/stm32wlxx_ll_bus.h **** /**
 437:hardware/mcu/st/stm32wlxx_hal_driver/Inc/stm32wlxx_ll_bus.h ****   * @brief  Enable AHB2 peripherals clock.
 438:hardware/mcu/st/stm32wlxx_hal_driver/Inc/stm32wlxx_ll_bus.h ****   * @rmtoll AHB2ENR      GPIOAEN       LL_AHB2_GRP1_EnableClock\n
 439:hardware/mcu/st/stm32wlxx_hal_driver/Inc/stm32wlxx_ll_bus.h ****   *         AHB2ENR      GPIOBEN       LL_AHB2_GRP1_EnableClock\n
 440:hardware/mcu/st/stm32wlxx_hal_driver/Inc/stm32wlxx_ll_bus.h ****   *         AHB2ENR      GPIOCEN       LL_AHB2_GRP1_EnableClock\n
 441:hardware/mcu/st/stm32wlxx_hal_driver/Inc/stm32wlxx_ll_bus.h ****   *         AHB2ENR      GPIOHEN       LL_AHB2_GRP1_EnableClock\n
 442:hardware/mcu/st/stm32wlxx_hal_driver/Inc/stm32wlxx_ll_bus.h ****   * @param  Periphs This parameter can be a combination of the following values:
 443:hardware/mcu/st/stm32wlxx_hal_driver/Inc/stm32wlxx_ll_bus.h ****   *         @arg @ref LL_AHB2_GRP1_PERIPH_GPIOA
 444:hardware/mcu/st/stm32wlxx_hal_driver/Inc/stm32wlxx_ll_bus.h ****   *         @arg @ref LL_AHB2_GRP1_PERIPH_GPIOB
 445:hardware/mcu/st/stm32wlxx_hal_driver/Inc/stm32wlxx_ll_bus.h ****   *         @arg @ref LL_AHB2_GRP1_PERIPH_GPIOC
 446:hardware/mcu/st/stm32wlxx_hal_driver/Inc/stm32wlxx_ll_bus.h ****   *         @arg @ref LL_AHB2_GRP1_PERIPH_GPIOH
 447:hardware/mcu/st/stm32wlxx_hal_driver/Inc/stm32wlxx_ll_bus.h ****   * @retval None
 448:hardware/mcu/st/stm32wlxx_hal_driver/Inc/stm32wlxx_ll_bus.h ****   */
 449:hardware/mcu/st/stm32wlxx_hal_driver/Inc/stm32wlxx_ll_bus.h **** __STATIC_INLINE void LL_AHB2_GRP1_EnableClock(uint32_t Periphs)
  37              		.loc 2 449 22 view .LVU2
  38              	.LBB7:
 450:hardware/mcu/st/stm32wlxx_hal_driver/Inc/stm32wlxx_ll_bus.h **** {
 451:hardware/mcu/st/stm32wlxx_hal_driver/Inc/stm32wlxx_ll_bus.h ****   __IO uint32_t tmpreg;
  39              		.loc 2 451 3 view .LVU3
 452:hardware/mcu/st/stm32wlxx_hal_driver/Inc/stm32wlxx_ll_bus.h ****   SET_BIT(RCC->AHB2ENR, Periphs);
  40              		.loc 2 452 3 view .LVU4
  41 0000 4FF0B043 		mov	r3, #1476395008
  42              	.LBE7:
  43              	.LBE6:
  10:hardware/bsp/stm32wlxx/gpio.c **** 
  44              		.loc 1 10 1 is_stmt 0 view .LVU5
  45 0004 82B0     		sub	sp, sp, #8
  46              	.LCFI0:
  47              		.cfi_def_cfa_offset 8
  48              	.LBB9:
ARM GAS  /tmp/cc1Cxz4o.s 			page 10


  49              	.LBB8:
  50              		.loc 2 452 3 view .LVU6
  51 0006 DA6C     		ldr	r2, [r3, #76]
  52 0008 42F00102 		orr	r2, r2, #1
  53 000c DA64     		str	r2, [r3, #76]
 453:hardware/mcu/st/stm32wlxx_hal_driver/Inc/stm32wlxx_ll_bus.h ****   /* Delay after an RCC peripheral clock enabling */
 454:hardware/mcu/st/stm32wlxx_hal_driver/Inc/stm32wlxx_ll_bus.h ****   tmpreg = READ_BIT(RCC->AHB2ENR, Periphs);
  54              		.loc 2 454 3 is_stmt 1 view .LVU7
  55              		.loc 2 454 12 is_stmt 0 view .LVU8
  56 000e DA6C     		ldr	r2, [r3, #76]
  57 0010 02F00102 		and	r2, r2, #1
  58              		.loc 2 454 10 view .LVU9
  59 0014 0192     		str	r2, [sp, #4]
 455:hardware/mcu/st/stm32wlxx_hal_driver/Inc/stm32wlxx_ll_bus.h ****   (void)tmpreg;
  60              		.loc 2 455 3 is_stmt 1 view .LVU10
  61 0016 019A     		ldr	r2, [sp, #4]
  62              	.LVL1:
  63              		.loc 2 455 3 is_stmt 0 view .LVU11
  64              	.LBE8:
  65              	.LBE9:
  14:hardware/bsp/stm32wlxx/gpio.c ****   __HAL_RCC_GPIOB_CLK_ENABLE();
  66              		.loc 1 14 3 is_stmt 1 view .LVU12
  67              	.LBB10:
  68              	.LBI10:
 449:hardware/mcu/st/stm32wlxx_hal_driver/Inc/stm32wlxx_ll_bus.h **** {
  69              		.loc 2 449 22 view .LVU13
  70              	.LBB11:
 451:hardware/mcu/st/stm32wlxx_hal_driver/Inc/stm32wlxx_ll_bus.h ****   SET_BIT(RCC->AHB2ENR, Periphs);
  71              		.loc 2 451 3 view .LVU14
 452:hardware/mcu/st/stm32wlxx_hal_driver/Inc/stm32wlxx_ll_bus.h ****   /* Delay after an RCC peripheral clock enabling */
  72              		.loc 2 452 3 view .LVU15
  73 0018 DA6C     		ldr	r2, [r3, #76]
  74 001a 42F00202 		orr	r2, r2, #2
  75 001e DA64     		str	r2, [r3, #76]
 454:hardware/mcu/st/stm32wlxx_hal_driver/Inc/stm32wlxx_ll_bus.h ****   (void)tmpreg;
  76              		.loc 2 454 3 view .LVU16
 454:hardware/mcu/st/stm32wlxx_hal_driver/Inc/stm32wlxx_ll_bus.h ****   (void)tmpreg;
  77              		.loc 2 454 12 is_stmt 0 view .LVU17
  78 0020 DB6C     		ldr	r3, [r3, #76]
  79 0022 03F00203 		and	r3, r3, #2
 454:hardware/mcu/st/stm32wlxx_hal_driver/Inc/stm32wlxx_ll_bus.h ****   (void)tmpreg;
  80              		.loc 2 454 10 view .LVU18
  81 0026 0093     		str	r3, [sp]
  82              		.loc 2 455 3 is_stmt 1 view .LVU19
  83 0028 009B     		ldr	r3, [sp]
  84              	.LVL2:
  85              		.loc 2 455 3 is_stmt 0 view .LVU20
  86              	.LBE11:
  87              	.LBE10:
  15:hardware/bsp/stm32wlxx/gpio.c **** 
  16:hardware/bsp/stm32wlxx/gpio.c **** }...
  88              		.loc 1 16 1 view .LVU21
  89 002a 02B0     		add	sp, sp, #8
  90              	.LCFI1:
  91              		.cfi_def_cfa_offset 0
  92              		@ sp needed
  93 002c 7047     		bx	lr
ARM GAS  /tmp/cc1Cxz4o.s 			page 11


  94              		.cfi_endproc
  95              	.LFE721:
  97              		.text
  98              	.Letext0:
  99              		.file 3 "/opt/gcc-arm-none-eabi-10.3-2021.10/arm-none-eabi/include/machine/_default_types.h"
 100              		.file 4 "/opt/gcc-arm-none-eabi-10.3-2021.10/arm-none-eabi/include/sys/_stdint.h"
 101              		.file 5 "hardware/mcu/st/cmsis_device_wl/Include/stm32wle5xx.h"
 102              		.file 6 "hardware/mcu/st/stm32wlxx_hal_driver/Inc/stm32wlxx_ll_dma.h"
ARM GAS  /tmp/cc1Cxz4o.s 			page 12


DEFINED SYMBOLS
                            *ABS*:0000000000000000 gpio.c
     /tmp/cc1Cxz4o.s:18     .text.MX_GPIO_Init:0000000000000000 $t
     /tmp/cc1Cxz4o.s:24     .text.MX_GPIO_Init:0000000000000000 MX_GPIO_Init

NO UNDEFINED SYMBOLS
