ARM GAS  /var/folders/b4/k4jbz0ms4wg23jtq0w6p483m0000gn/T//ccdRq9jG.s 			page 1


   1              		.cpu cortex-m4
   2              		.arch armv7e-m
   3              		.fpu softvfp
   4              		.eabi_attribute 20, 1
   5              		.eabi_attribute 21, 1
   6              		.eabi_attribute 23, 3
   7              		.eabi_attribute 24, 1
   8              		.eabi_attribute 25, 1
   9              		.eabi_attribute 26, 1
  10              		.eabi_attribute 30, 4
  11              		.eabi_attribute 34, 1
  12              		.eabi_attribute 18, 4
  13              		.file	"lfs_util.c"
  14              		.text
  15              	.Ltext0:
  16              		.cfi_sections	.debug_frame
  17              		.section	.text.lfs_crc,"ax",%progbits
  18              		.align	1
  19              		.global	lfs_crc
  20              		.syntax unified
  21              		.thumb
  22              		.thumb_func
  24              	lfs_crc:
  25              	.LVL0:
  26              	.LFB17:
  27              		.file 1 "libraries/littlefs/lfs_util.c"
   1:libraries/littlefs/lfs_util.c **** /*
   2:libraries/littlefs/lfs_util.c ****  * lfs util functions
   3:libraries/littlefs/lfs_util.c ****  *
   4:libraries/littlefs/lfs_util.c ****  * Copyright (c) 2022, The littlefs authors.
   5:libraries/littlefs/lfs_util.c ****  * Copyright (c) 2017, Arm Limited. All rights reserved.
   6:libraries/littlefs/lfs_util.c ****  * SPDX-License-Identifier: BSD-3-Clause
   7:libraries/littlefs/lfs_util.c ****  */
   8:libraries/littlefs/lfs_util.c **** #include "lfs_util.h"
   9:libraries/littlefs/lfs_util.c **** 
  10:libraries/littlefs/lfs_util.c **** // Only compile if user does not provide custom config
  11:libraries/littlefs/lfs_util.c **** #ifndef LFS_CONFIG
  12:libraries/littlefs/lfs_util.c **** 
  13:libraries/littlefs/lfs_util.c **** 
  14:libraries/littlefs/lfs_util.c **** // Software CRC implementation with small lookup table
  15:libraries/littlefs/lfs_util.c **** uint32_t lfs_crc(uint32_t crc, const void *buffer, size_t size) {
  28              		.loc 1 15 65 view -0
  29              		.cfi_startproc
  30              		@ args = 0, pretend = 0, frame = 0
  31              		@ frame_needed = 0, uses_anonymous_args = 0
  16:libraries/littlefs/lfs_util.c ****     static const uint32_t rtable[16] = {
  32              		.loc 1 16 5 view .LVU1
  17:libraries/littlefs/lfs_util.c ****         0x00000000, 0x1db71064, 0x3b6e20c8, 0x26d930ac,
  18:libraries/littlefs/lfs_util.c ****         0x76dc4190, 0x6b6b51f4, 0x4db26158, 0x5005713c,
  19:libraries/littlefs/lfs_util.c ****         0xedb88320, 0xf00f9344, 0xd6d6a3e8, 0xcb61b38c,
  20:libraries/littlefs/lfs_util.c ****         0x9b64c2b0, 0x86d3d2d4, 0xa00ae278, 0xbdbdf21c,
  21:libraries/littlefs/lfs_util.c ****     };
  22:libraries/littlefs/lfs_util.c **** 
  23:libraries/littlefs/lfs_util.c ****     const uint8_t *data = buffer;
  33              		.loc 1 23 5 view .LVU2
  24:libraries/littlefs/lfs_util.c **** 
  25:libraries/littlefs/lfs_util.c ****     for (size_t i = 0; i < size; i++) {
ARM GAS  /var/folders/b4/k4jbz0ms4wg23jtq0w6p483m0000gn/T//ccdRq9jG.s 			page 2


  34              		.loc 1 25 5 view .LVU3
  35              	.LBB2:
  36              		.loc 1 25 10 view .LVU4
  37              		.loc 1 25 10 is_stmt 0 view .LVU5
  38              	.LBE2:
  15:libraries/littlefs/lfs_util.c ****     static const uint32_t rtable[16] = {
  39              		.loc 1 15 65 view .LVU6
  40 0000 30B5     		push	{r4, r5, lr}
  41              	.LCFI0:
  42              		.cfi_def_cfa_offset 12
  43              		.cfi_offset 4, -12
  44              		.cfi_offset 5, -8
  45              		.cfi_offset 14, -4
  46              	.LBB3:
  26:libraries/littlefs/lfs_util.c ****         crc = (crc >> 4) ^ rtable[(crc ^ (data[i] >> 0)) & 0xf];
  47              		.loc 1 26 34 view .LVU7
  48 0002 0C4D     		ldr	r5, .L4
  49 0004 0A44     		add	r2, r2, r1
  50              	.LVL1:
  51              	.L2:
  25:libraries/littlefs/lfs_util.c ****         crc = (crc >> 4) ^ rtable[(crc ^ (data[i] >> 0)) & 0xf];
  52              		.loc 1 25 24 is_stmt 1 discriminator 1 view .LVU8
  25:libraries/littlefs/lfs_util.c ****         crc = (crc >> 4) ^ rtable[(crc ^ (data[i] >> 0)) & 0xf];
  53              		.loc 1 25 5 is_stmt 0 discriminator 1 view .LVU9
  54 0006 9142     		cmp	r1, r2
  55 0008 00D1     		bne	.L3
  25:libraries/littlefs/lfs_util.c ****         crc = (crc >> 4) ^ rtable[(crc ^ (data[i] >> 0)) & 0xf];
  56              		.loc 1 25 5 discriminator 1 view .LVU10
  57              	.LBE3:
  27:libraries/littlefs/lfs_util.c ****         crc = (crc >> 4) ^ rtable[(crc ^ (data[i] >> 4)) & 0xf];
  28:libraries/littlefs/lfs_util.c ****     }
  29:libraries/littlefs/lfs_util.c **** 
  30:libraries/littlefs/lfs_util.c ****     return crc;
  58              		.loc 1 30 5 is_stmt 1 view .LVU11
  31:libraries/littlefs/lfs_util.c **** }
  59              		.loc 1 31 1 is_stmt 0 view .LVU12
  60 000a 30BD     		pop	{r4, r5, pc}
  61              	.L3:
  62              	.LBB4:
  26:libraries/littlefs/lfs_util.c ****         crc = (crc >> 4) ^ rtable[(crc ^ (data[i] >> 4)) & 0xf];
  63              		.loc 1 26 9 is_stmt 1 discriminator 3 view .LVU13
  26:libraries/littlefs/lfs_util.c ****         crc = (crc >> 4) ^ rtable[(crc ^ (data[i] >> 4)) & 0xf];
  64              		.loc 1 26 47 is_stmt 0 discriminator 3 view .LVU14
  65 000c 11F8013B 		ldrb	r3, [r1], #1	@ zero_extendqisi2
  66              	.LVL2:
  26:libraries/littlefs/lfs_util.c ****         crc = (crc >> 4) ^ rtable[(crc ^ (data[i] >> 4)) & 0xf];
  67              		.loc 1 26 40 discriminator 3 view .LVU15
  68 0010 83EA0004 		eor	r4, r3, r0
  26:libraries/littlefs/lfs_util.c ****         crc = (crc >> 4) ^ rtable[(crc ^ (data[i] >> 4)) & 0xf];
  69              		.loc 1 26 58 discriminator 3 view .LVU16
  70 0014 04F00F04 		and	r4, r4, #15
  26:libraries/littlefs/lfs_util.c ****         crc = (crc >> 4) ^ rtable[(crc ^ (data[i] >> 4)) & 0xf];
  71              		.loc 1 26 34 discriminator 3 view .LVU17
  72 0018 55F82440 		ldr	r4, [r5, r4, lsl #2]
  26:libraries/littlefs/lfs_util.c ****         crc = (crc >> 4) ^ rtable[(crc ^ (data[i] >> 4)) & 0xf];
  73              		.loc 1 26 13 discriminator 3 view .LVU18
  74 001c 84EA1010 		eor	r0, r4, r0, lsr #4
ARM GAS  /var/folders/b4/k4jbz0ms4wg23jtq0w6p483m0000gn/T//ccdRq9jG.s 			page 3


  75              	.LVL3:
  27:libraries/littlefs/lfs_util.c ****         crc = (crc >> 4) ^ rtable[(crc ^ (data[i] >> 4)) & 0xf];
  76              		.loc 1 27 9 is_stmt 1 discriminator 3 view .LVU19
  27:libraries/littlefs/lfs_util.c ****         crc = (crc >> 4) ^ rtable[(crc ^ (data[i] >> 4)) & 0xf];
  77              		.loc 1 27 40 is_stmt 0 discriminator 3 view .LVU20
  78 0020 80EA1313 		eor	r3, r0, r3, lsr #4
  27:libraries/littlefs/lfs_util.c ****         crc = (crc >> 4) ^ rtable[(crc ^ (data[i] >> 4)) & 0xf];
  79              		.loc 1 27 58 discriminator 3 view .LVU21
  80 0024 03F00F03 		and	r3, r3, #15
  27:libraries/littlefs/lfs_util.c ****         crc = (crc >> 4) ^ rtable[(crc ^ (data[i] >> 4)) & 0xf];
  81              		.loc 1 27 34 discriminator 3 view .LVU22
  82 0028 55F82330 		ldr	r3, [r5, r3, lsl #2]
  27:libraries/littlefs/lfs_util.c ****         crc = (crc >> 4) ^ rtable[(crc ^ (data[i] >> 4)) & 0xf];
  83              		.loc 1 27 13 discriminator 3 view .LVU23
  84 002c 83EA1010 		eor	r0, r3, r0, lsr #4
  85              	.LVL4:
  25:libraries/littlefs/lfs_util.c ****         crc = (crc >> 4) ^ rtable[(crc ^ (data[i] >> 0)) & 0xf];
  86              		.loc 1 25 34 is_stmt 1 discriminator 3 view .LVU24
  25:libraries/littlefs/lfs_util.c ****         crc = (crc >> 4) ^ rtable[(crc ^ (data[i] >> 0)) & 0xf];
  87              		.loc 1 25 34 is_stmt 0 discriminator 3 view .LVU25
  88 0030 E9E7     		b	.L2
  89              	.L5:
  90 0032 00BF     		.align	2
  91              	.L4:
  92 0034 00000000 		.word	.LANCHOR0
  93              	.LBE4:
  94              		.cfi_endproc
  95              	.LFE17:
  97              		.section	.rodata.rtable.0,"a"
  98              		.align	2
  99              		.set	.LANCHOR0,. + 0
 102              	rtable.0:
 103 0000 00000000 		.word	0
 104 0004 6410B71D 		.word	498536548
 105 0008 C8206E3B 		.word	997073096
 106 000c AC30D926 		.word	651767980
 107 0010 9041DC76 		.word	1994146192
 108 0014 F4516B6B 		.word	1802195444
 109 0018 5861B24D 		.word	1303535960
 110 001c 3C710550 		.word	1342533948
 111 0020 2083B8ED 		.word	-306674912
 112 0024 44930FF0 		.word	-267414716
 113 0028 E8A3D6D6 		.word	-690576408
 114 002c 8CB361CB 		.word	-882789492
 115 0030 B0C2649B 		.word	-1687895376
 116 0034 D4D2D386 		.word	-2032938284
 117 0038 78E20AA0 		.word	-1609899400
 118 003c 1CF2BDBD 		.word	-1111625188
 119              		.text
 120              	.Letext0:
 121              		.file 2 "/Applications/ARM/arm-none-eabi/include/machine/_default_types.h"
 122              		.file 3 "/Applications/ARM/arm-none-eabi/include/sys/_stdint.h"
 123              		.file 4 "/Applications/ARM/lib/gcc/arm-none-eabi/10.3.1/include/stddef.h"
ARM GAS  /var/folders/b4/k4jbz0ms4wg23jtq0w6p483m0000gn/T//ccdRq9jG.s 			page 4


DEFINED SYMBOLS
                            *ABS*:0000000000000000 lfs_util.c
/var/folders/b4/k4jbz0ms4wg23jtq0w6p483m0000gn/T//ccdRq9jG.s:18     .text.lfs_crc:0000000000000000 $t
/var/folders/b4/k4jbz0ms4wg23jtq0w6p483m0000gn/T//ccdRq9jG.s:24     .text.lfs_crc:0000000000000000 lfs_crc
/var/folders/b4/k4jbz0ms4wg23jtq0w6p483m0000gn/T//ccdRq9jG.s:92     .text.lfs_crc:0000000000000034 $d
/var/folders/b4/k4jbz0ms4wg23jtq0w6p483m0000gn/T//ccdRq9jG.s:98     .rodata.rtable.0:0000000000000000 $d
/var/folders/b4/k4jbz0ms4wg23jtq0w6p483m0000gn/T//ccdRq9jG.s:102    .rodata.rtable.0:0000000000000000 rtable.0

NO UNDEFINED SYMBOLS
