ARM GAS  /var/folders/b4/k4jbz0ms4wg23jtq0w6p483m0000gn/T//ccfw380s.s 			page 1


   1              		.cpu cortex-m4
   2              		.arch armv7e-m
   3              		.fpu softvfp
   4              		.eabi_attribute 20, 1
   5              		.eabi_attribute 21, 1
   6              		.eabi_attribute 23, 3
   7              		.eabi_attribute 24, 1
   8              		.eabi_attribute 25, 1
   9              		.eabi_attribute 26, 1
  10              		.eabi_attribute 30, 4
  11              		.eabi_attribute 34, 1
  12              		.eabi_attribute 18, 4
  13              		.file	"stm32wlxx_hal_smartcard_ex.c"
  14              		.text
  15              	.Ltext0:
  16              		.cfi_sections	.debug_frame
  17              	.Letext0:
  18              		.file 1 "/Applications/ARM/arm-none-eabi/include/machine/_default_types.h"
  19              		.file 2 "/Applications/ARM/arm-none-eabi/include/sys/_stdint.h"
  20              		.file 3 "hardware/mcu/st/stm32wlxx_hal_driver/Inc/stm32wlxx_ll_dma.h"
ARM GAS  /var/folders/b4/k4jbz0ms4wg23jtq0w6p483m0000gn/T//ccfw380s.s 			page 2


DEFINED SYMBOLS
                            *ABS*:0000000000000000 stm32wlxx_hal_smartcard_ex.c

NO UNDEFINED SYMBOLS
