ARM GAS  /tmp/ccdvKhaG.s 			page 1


   1              		.cpu cortex-m4
   2              		.arch armv7e-m
   3              		.fpu softvfp
   4              		.eabi_attribute 20, 1
   5              		.eabi_attribute 21, 1
   6              		.eabi_attribute 23, 3
   7              		.eabi_attribute 24, 1
   8              		.eabi_attribute 25, 1
   9              		.eabi_attribute 26, 1
  10              		.eabi_attribute 30, 4
  11              		.eabi_attribute 34, 1
  12              		.eabi_attribute 18, 4
  13              		.file	"stm32wlxx_hal_dma_ex.c"
  14              		.text
  15              	.Ltext0:
  16              		.cfi_sections	.debug_frame
  17              		.section	.text.HAL_DMAEx_ConfigMuxSync,"ax",%progbits
  18              		.align	1
  19              		.global	HAL_DMAEx_ConfigMuxSync
  20              		.syntax unified
  21              		.thumb
  22              		.thumb_func
  24              	HAL_DMAEx_ConfigMuxSync:
  25              	.LVL0:
  26              	.LFB721:
  27              		.file 1 "hardware/mcu/st/stm32wlxx_hal_driver/Src/stm32wlxx_hal_dma_ex.c"
   1:hardware/mcu/st/stm32wlxx_hal_driver/Src/stm32wlxx_hal_dma_ex.c **** /**
   2:hardware/mcu/st/stm32wlxx_hal_driver/Src/stm32wlxx_hal_dma_ex.c ****   ******************************************************************************
   3:hardware/mcu/st/stm32wlxx_hal_driver/Src/stm32wlxx_hal_dma_ex.c ****   * @file    stm32wlxx_hal_dma_ex.c
   4:hardware/mcu/st/stm32wlxx_hal_driver/Src/stm32wlxx_hal_dma_ex.c ****   * @author  MCD Application Team
   5:hardware/mcu/st/stm32wlxx_hal_driver/Src/stm32wlxx_hal_dma_ex.c ****   * @brief   DMA Extension HAL module driver
   6:hardware/mcu/st/stm32wlxx_hal_driver/Src/stm32wlxx_hal_dma_ex.c ****   *         This file provides firmware functions to manage the following
   7:hardware/mcu/st/stm32wlxx_hal_driver/Src/stm32wlxx_hal_dma_ex.c ****   *         functionalities of the DMA Extension peripheral:
   8:hardware/mcu/st/stm32wlxx_hal_driver/Src/stm32wlxx_hal_dma_ex.c ****   *           + Extended features functions
   9:hardware/mcu/st/stm32wlxx_hal_driver/Src/stm32wlxx_hal_dma_ex.c ****   *
  10:hardware/mcu/st/stm32wlxx_hal_driver/Src/stm32wlxx_hal_dma_ex.c ****   @verbatim
  11:hardware/mcu/st/stm32wlxx_hal_driver/Src/stm32wlxx_hal_dma_ex.c ****   ==============================================================================
  12:hardware/mcu/st/stm32wlxx_hal_driver/Src/stm32wlxx_hal_dma_ex.c ****                         ##### How to use this driver #####
  13:hardware/mcu/st/stm32wlxx_hal_driver/Src/stm32wlxx_hal_dma_ex.c ****   ==============================================================================
  14:hardware/mcu/st/stm32wlxx_hal_driver/Src/stm32wlxx_hal_dma_ex.c ****   [..]
  15:hardware/mcu/st/stm32wlxx_hal_driver/Src/stm32wlxx_hal_dma_ex.c ****   The DMA Extension HAL driver can be used as follows:
  16:hardware/mcu/st/stm32wlxx_hal_driver/Src/stm32wlxx_hal_dma_ex.c ****    (+) Configure the DMAMUX Synchronization Block using HAL_DMAEx_ConfigMuxSync function.
  17:hardware/mcu/st/stm32wlxx_hal_driver/Src/stm32wlxx_hal_dma_ex.c ****    (+) Configure the DMAMUX Request Generator Block using HAL_DMAEx_ConfigMuxRequestGenerator funct
  18:hardware/mcu/st/stm32wlxx_hal_driver/Src/stm32wlxx_hal_dma_ex.c ****        Functions HAL_DMAEx_EnableMuxRequestGenerator and HAL_DMAEx_DisableMuxRequestGenerator can t
  19:hardware/mcu/st/stm32wlxx_hal_driver/Src/stm32wlxx_hal_dma_ex.c ****        to respectively enable/disable the request generator.
  20:hardware/mcu/st/stm32wlxx_hal_driver/Src/stm32wlxx_hal_dma_ex.c **** 
  21:hardware/mcu/st/stm32wlxx_hal_driver/Src/stm32wlxx_hal_dma_ex.c ****    (+) To handle the DMAMUX Interrupts, the function  HAL_DMAEx_MUX_IRQHandler should be called fro
  22:hardware/mcu/st/stm32wlxx_hal_driver/Src/stm32wlxx_hal_dma_ex.c ****        the DMAMUX IRQ handler i.e DMAMUX1_OVR_IRQHandler.
  23:hardware/mcu/st/stm32wlxx_hal_driver/Src/stm32wlxx_hal_dma_ex.c ****        As only one interrupt line is available for all DMAMUX channels and request generators , HAL
  24:hardware/mcu/st/stm32wlxx_hal_driver/Src/stm32wlxx_hal_dma_ex.c ****        called with, as parameter, the appropriate DMA handle as many as used DMAs in the user proje
  25:hardware/mcu/st/stm32wlxx_hal_driver/Src/stm32wlxx_hal_dma_ex.c ****       (exception done if a given DMA is not using the DMAMUX SYNC block neither a request generator
  26:hardware/mcu/st/stm32wlxx_hal_driver/Src/stm32wlxx_hal_dma_ex.c **** 
  27:hardware/mcu/st/stm32wlxx_hal_driver/Src/stm32wlxx_hal_dma_ex.c ****   @endverbatim
  28:hardware/mcu/st/stm32wlxx_hal_driver/Src/stm32wlxx_hal_dma_ex.c ****   ******************************************************************************
  29:hardware/mcu/st/stm32wlxx_hal_driver/Src/stm32wlxx_hal_dma_ex.c ****   * @attention
  30:hardware/mcu/st/stm32wlxx_hal_driver/Src/stm32wlxx_hal_dma_ex.c ****   *
  31:hardware/mcu/st/stm32wlxx_hal_driver/Src/stm32wlxx_hal_dma_ex.c ****   * <h2><center>&copy; Copyright (c) 2020 STMicroelectronics.
ARM GAS  /tmp/ccdvKhaG.s 			page 2


  32:hardware/mcu/st/stm32wlxx_hal_driver/Src/stm32wlxx_hal_dma_ex.c ****   * All rights reserved.</center></h2>
  33:hardware/mcu/st/stm32wlxx_hal_driver/Src/stm32wlxx_hal_dma_ex.c ****   *
  34:hardware/mcu/st/stm32wlxx_hal_driver/Src/stm32wlxx_hal_dma_ex.c ****   * This software component is licensed by ST under BSD 3-Clause license,
  35:hardware/mcu/st/stm32wlxx_hal_driver/Src/stm32wlxx_hal_dma_ex.c ****   * the "License"; You may not use this file except in compliance with the
  36:hardware/mcu/st/stm32wlxx_hal_driver/Src/stm32wlxx_hal_dma_ex.c ****   * License. You may obtain a copy of the License at:
  37:hardware/mcu/st/stm32wlxx_hal_driver/Src/stm32wlxx_hal_dma_ex.c ****   *                        opensource.org/licenses/BSD-3-Clause
  38:hardware/mcu/st/stm32wlxx_hal_driver/Src/stm32wlxx_hal_dma_ex.c ****   *
  39:hardware/mcu/st/stm32wlxx_hal_driver/Src/stm32wlxx_hal_dma_ex.c ****   ******************************************************************************
  40:hardware/mcu/st/stm32wlxx_hal_driver/Src/stm32wlxx_hal_dma_ex.c ****   */
  41:hardware/mcu/st/stm32wlxx_hal_driver/Src/stm32wlxx_hal_dma_ex.c **** 
  42:hardware/mcu/st/stm32wlxx_hal_driver/Src/stm32wlxx_hal_dma_ex.c **** /* Includes ------------------------------------------------------------------*/
  43:hardware/mcu/st/stm32wlxx_hal_driver/Src/stm32wlxx_hal_dma_ex.c **** #include "stm32wlxx_hal.h"
  44:hardware/mcu/st/stm32wlxx_hal_driver/Src/stm32wlxx_hal_dma_ex.c **** 
  45:hardware/mcu/st/stm32wlxx_hal_driver/Src/stm32wlxx_hal_dma_ex.c **** /** @addtogroup STM32WLxx_HAL_Driver
  46:hardware/mcu/st/stm32wlxx_hal_driver/Src/stm32wlxx_hal_dma_ex.c ****   * @{
  47:hardware/mcu/st/stm32wlxx_hal_driver/Src/stm32wlxx_hal_dma_ex.c ****   */
  48:hardware/mcu/st/stm32wlxx_hal_driver/Src/stm32wlxx_hal_dma_ex.c **** 
  49:hardware/mcu/st/stm32wlxx_hal_driver/Src/stm32wlxx_hal_dma_ex.c **** /** @defgroup DMAEx DMAEx
  50:hardware/mcu/st/stm32wlxx_hal_driver/Src/stm32wlxx_hal_dma_ex.c ****   * @brief DMA Extended HAL module driver
  51:hardware/mcu/st/stm32wlxx_hal_driver/Src/stm32wlxx_hal_dma_ex.c ****   * @{
  52:hardware/mcu/st/stm32wlxx_hal_driver/Src/stm32wlxx_hal_dma_ex.c ****   */
  53:hardware/mcu/st/stm32wlxx_hal_driver/Src/stm32wlxx_hal_dma_ex.c **** 
  54:hardware/mcu/st/stm32wlxx_hal_driver/Src/stm32wlxx_hal_dma_ex.c **** #ifdef HAL_DMA_MODULE_ENABLED
  55:hardware/mcu/st/stm32wlxx_hal_driver/Src/stm32wlxx_hal_dma_ex.c **** 
  56:hardware/mcu/st/stm32wlxx_hal_driver/Src/stm32wlxx_hal_dma_ex.c **** /* Private typedef -----------------------------------------------------------*/
  57:hardware/mcu/st/stm32wlxx_hal_driver/Src/stm32wlxx_hal_dma_ex.c **** /* Private define ------------------------------------------------------------*/
  58:hardware/mcu/st/stm32wlxx_hal_driver/Src/stm32wlxx_hal_dma_ex.c **** /* Private macro -------------------------------------------------------------*/
  59:hardware/mcu/st/stm32wlxx_hal_driver/Src/stm32wlxx_hal_dma_ex.c **** /* Private variables ---------------------------------------------------------*/
  60:hardware/mcu/st/stm32wlxx_hal_driver/Src/stm32wlxx_hal_dma_ex.c **** /* Private Constants ---------------------------------------------------------*/
  61:hardware/mcu/st/stm32wlxx_hal_driver/Src/stm32wlxx_hal_dma_ex.c **** /* Private function prototypes -----------------------------------------------*/
  62:hardware/mcu/st/stm32wlxx_hal_driver/Src/stm32wlxx_hal_dma_ex.c **** /* Exported functions --------------------------------------------------------*/
  63:hardware/mcu/st/stm32wlxx_hal_driver/Src/stm32wlxx_hal_dma_ex.c **** 
  64:hardware/mcu/st/stm32wlxx_hal_driver/Src/stm32wlxx_hal_dma_ex.c **** 
  65:hardware/mcu/st/stm32wlxx_hal_driver/Src/stm32wlxx_hal_dma_ex.c **** /** @defgroup DMAEx_Exported_Functions DMAEx Exported Functions
  66:hardware/mcu/st/stm32wlxx_hal_driver/Src/stm32wlxx_hal_dma_ex.c ****   * @{
  67:hardware/mcu/st/stm32wlxx_hal_driver/Src/stm32wlxx_hal_dma_ex.c ****   */
  68:hardware/mcu/st/stm32wlxx_hal_driver/Src/stm32wlxx_hal_dma_ex.c **** 
  69:hardware/mcu/st/stm32wlxx_hal_driver/Src/stm32wlxx_hal_dma_ex.c **** /** @defgroup DMAEx_Exported_Functions_Group1 DMAEx Extended features functions
  70:hardware/mcu/st/stm32wlxx_hal_driver/Src/stm32wlxx_hal_dma_ex.c ****  *  @brief   Extended features functions
  71:hardware/mcu/st/stm32wlxx_hal_driver/Src/stm32wlxx_hal_dma_ex.c ****  *
  72:hardware/mcu/st/stm32wlxx_hal_driver/Src/stm32wlxx_hal_dma_ex.c **** @verbatim
  73:hardware/mcu/st/stm32wlxx_hal_driver/Src/stm32wlxx_hal_dma_ex.c ****  ===============================================================================
  74:hardware/mcu/st/stm32wlxx_hal_driver/Src/stm32wlxx_hal_dma_ex.c ****                 #####  Extended features functions  #####
  75:hardware/mcu/st/stm32wlxx_hal_driver/Src/stm32wlxx_hal_dma_ex.c ****  ===============================================================================
  76:hardware/mcu/st/stm32wlxx_hal_driver/Src/stm32wlxx_hal_dma_ex.c ****     [..]  This section provides functions allowing to:
  77:hardware/mcu/st/stm32wlxx_hal_driver/Src/stm32wlxx_hal_dma_ex.c **** 
  78:hardware/mcu/st/stm32wlxx_hal_driver/Src/stm32wlxx_hal_dma_ex.c ****     (+) Configure the DMAMUX Synchronization Block using HAL_DMAEx_ConfigMuxSync function.
  79:hardware/mcu/st/stm32wlxx_hal_driver/Src/stm32wlxx_hal_dma_ex.c ****     (+) Configure the DMAMUX Request Generator Block using HAL_DMAEx_ConfigMuxRequestGenerator func
  80:hardware/mcu/st/stm32wlxx_hal_driver/Src/stm32wlxx_hal_dma_ex.c ****        Functions HAL_DMAEx_EnableMuxRequestGenerator and HAL_DMAEx_DisableMuxRequestGenerator can t
  81:hardware/mcu/st/stm32wlxx_hal_driver/Src/stm32wlxx_hal_dma_ex.c ****        to respectively enable/disable the request generator.
  82:hardware/mcu/st/stm32wlxx_hal_driver/Src/stm32wlxx_hal_dma_ex.c ****     (+) Handle DMAMUX interrupts using HAL_DMAEx_MUX_IRQHandler : should be called from
  83:hardware/mcu/st/stm32wlxx_hal_driver/Src/stm32wlxx_hal_dma_ex.c ****         the DMAMUX IRQ handler
  84:hardware/mcu/st/stm32wlxx_hal_driver/Src/stm32wlxx_hal_dma_ex.c **** 
  85:hardware/mcu/st/stm32wlxx_hal_driver/Src/stm32wlxx_hal_dma_ex.c **** @endverbatim
  86:hardware/mcu/st/stm32wlxx_hal_driver/Src/stm32wlxx_hal_dma_ex.c ****   * @{
  87:hardware/mcu/st/stm32wlxx_hal_driver/Src/stm32wlxx_hal_dma_ex.c ****   */
  88:hardware/mcu/st/stm32wlxx_hal_driver/Src/stm32wlxx_hal_dma_ex.c **** 
ARM GAS  /tmp/ccdvKhaG.s 			page 3


  89:hardware/mcu/st/stm32wlxx_hal_driver/Src/stm32wlxx_hal_dma_ex.c **** /**
  90:hardware/mcu/st/stm32wlxx_hal_driver/Src/stm32wlxx_hal_dma_ex.c ****   * @brief Configure the DMAMUX synchronization parameters for a given DMA channel (instance).
  91:hardware/mcu/st/stm32wlxx_hal_driver/Src/stm32wlxx_hal_dma_ex.c ****   * @param hdma Pointer to a DMA_HandleTypeDef structure that contains
  92:hardware/mcu/st/stm32wlxx_hal_driver/Src/stm32wlxx_hal_dma_ex.c ****   *             the configuration information for the specified DMA channel.
  93:hardware/mcu/st/stm32wlxx_hal_driver/Src/stm32wlxx_hal_dma_ex.c ****   * @param pSyncConfig Pointer to HAL_DMA_MuxSyncConfigTypeDef contains the DMAMUX synchronization 
  94:hardware/mcu/st/stm32wlxx_hal_driver/Src/stm32wlxx_hal_dma_ex.c ****   * @retval HAL status
  95:hardware/mcu/st/stm32wlxx_hal_driver/Src/stm32wlxx_hal_dma_ex.c ****   */
  96:hardware/mcu/st/stm32wlxx_hal_driver/Src/stm32wlxx_hal_dma_ex.c **** HAL_StatusTypeDef HAL_DMAEx_ConfigMuxSync(DMA_HandleTypeDef *hdma, HAL_DMA_MuxSyncConfigTypeDef *pS
  97:hardware/mcu/st/stm32wlxx_hal_driver/Src/stm32wlxx_hal_dma_ex.c **** {
  28              		.loc 1 97 1 view -0
  29              		.cfi_startproc
  30              		@ args = 0, pretend = 0, frame = 0
  31              		@ frame_needed = 0, uses_anonymous_args = 0
  98:hardware/mcu/st/stm32wlxx_hal_driver/Src/stm32wlxx_hal_dma_ex.c ****   /* Check the parameters */
  99:hardware/mcu/st/stm32wlxx_hal_driver/Src/stm32wlxx_hal_dma_ex.c ****   assert_param(IS_DMA_ALL_INSTANCE(hdma->Instance));
  32              		.loc 1 99 3 view .LVU1
 100:hardware/mcu/st/stm32wlxx_hal_driver/Src/stm32wlxx_hal_dma_ex.c **** 
 101:hardware/mcu/st/stm32wlxx_hal_driver/Src/stm32wlxx_hal_dma_ex.c ****   assert_param(IS_DMAMUX_SYNC_SIGNAL_ID(pSyncConfig->SyncSignalID));
  33              		.loc 1 101 3 view .LVU2
 102:hardware/mcu/st/stm32wlxx_hal_driver/Src/stm32wlxx_hal_dma_ex.c **** 
 103:hardware/mcu/st/stm32wlxx_hal_driver/Src/stm32wlxx_hal_dma_ex.c ****   assert_param(IS_DMAMUX_SYNC_POLARITY(pSyncConfig-> SyncPolarity));
  34              		.loc 1 103 3 view .LVU3
 104:hardware/mcu/st/stm32wlxx_hal_driver/Src/stm32wlxx_hal_dma_ex.c ****   assert_param(IS_DMAMUX_SYNC_STATE(pSyncConfig->SyncEnable));
  35              		.loc 1 104 3 view .LVU4
 105:hardware/mcu/st/stm32wlxx_hal_driver/Src/stm32wlxx_hal_dma_ex.c ****   assert_param(IS_DMAMUX_SYNC_EVENT(pSyncConfig->EventEnable));
  36              		.loc 1 105 3 view .LVU5
 106:hardware/mcu/st/stm32wlxx_hal_driver/Src/stm32wlxx_hal_dma_ex.c ****   assert_param(IS_DMAMUX_SYNC_REQUEST_NUMBER(pSyncConfig->RequestNumber));
  37              		.loc 1 106 3 view .LVU6
 107:hardware/mcu/st/stm32wlxx_hal_driver/Src/stm32wlxx_hal_dma_ex.c **** 
 108:hardware/mcu/st/stm32wlxx_hal_driver/Src/stm32wlxx_hal_dma_ex.c ****   /*Check if the DMA state is ready */
 109:hardware/mcu/st/stm32wlxx_hal_driver/Src/stm32wlxx_hal_dma_ex.c ****   if (hdma->State == HAL_DMA_STATE_READY)
  38              		.loc 1 109 3 view .LVU7
  97:hardware/mcu/st/stm32wlxx_hal_driver/Src/stm32wlxx_hal_dma_ex.c ****   /* Check the parameters */
  39              		.loc 1 97 1 is_stmt 0 view .LVU8
  40 0000 70B5     		push	{r4, r5, r6, lr}
  41              	.LCFI0:
  42              		.cfi_def_cfa_offset 16
  43              		.cfi_offset 4, -16
  44              		.cfi_offset 5, -12
  45              		.cfi_offset 6, -8
  46              		.cfi_offset 14, -4
  47              		.loc 1 109 11 view .LVU9
  48 0002 90F82530 		ldrb	r3, [r0, #37]	@ zero_extendqisi2
  49              		.loc 1 109 6 view .LVU10
  50 0006 012B     		cmp	r3, #1
  51 0008 1BD1     		bne	.L2
 110:hardware/mcu/st/stm32wlxx_hal_driver/Src/stm32wlxx_hal_dma_ex.c ****   {
 111:hardware/mcu/st/stm32wlxx_hal_driver/Src/stm32wlxx_hal_dma_ex.c ****     /* Process Locked */
 112:hardware/mcu/st/stm32wlxx_hal_driver/Src/stm32wlxx_hal_dma_ex.c ****     __HAL_LOCK(hdma);
  52              		.loc 1 112 5 is_stmt 1 view .LVU11
  53              		.loc 1 112 5 view .LVU12
  54 000a 90F82430 		ldrb	r3, [r0, #36]	@ zero_extendqisi2
  55 000e 012B     		cmp	r3, #1
  56 0010 1BD0     		beq	.L4
  57              		.loc 1 112 5 discriminator 2 view .LVU13
  58              		.loc 1 112 5 discriminator 2 view .LVU14
 113:hardware/mcu/st/stm32wlxx_hal_driver/Src/stm32wlxx_hal_dma_ex.c **** 
ARM GAS  /tmp/ccdvKhaG.s 			page 4


 114:hardware/mcu/st/stm32wlxx_hal_driver/Src/stm32wlxx_hal_dma_ex.c ****     /* Set the new synchronization parameters (and keep the request ID filled during the Init)*/
 115:hardware/mcu/st/stm32wlxx_hal_driver/Src/stm32wlxx_hal_dma_ex.c ****     MODIFY_REG(hdma->DMAmuxChannel->CCR, \
  59              		.loc 1 115 5 discriminator 2 view .LVU15
  60 0012 CB68     		ldr	r3, [r1, #12]
  61 0014 856C     		ldr	r5, [r0, #72]
  62 0016 5C1E     		subs	r4, r3, #1
  63 0018 D1E90036 		ldrd	r3, r6, [r1]
  64 001c 3343     		orrs	r3, r3, r6
  65 001e 43EAC443 		orr	r3, r3, r4, lsl #19
  66 0022 0C7A     		ldrb	r4, [r1, #8]	@ zero_extendqisi2
  67 0024 2A68     		ldr	r2, [r5]
  68 0026 497A     		ldrb	r1, [r1, #9]	@ zero_extendqisi2
  69              	.LVL1:
  70              		.loc 1 115 5 is_stmt 0 discriminator 2 view .LVU16
  71 0028 43EA0443 		orr	r3, r3, r4, lsl #16
  72 002c 43EA4123 		orr	r3, r3, r1, lsl #9
  73 0030 02F07F02 		and	r2, r2, #127
  74 0034 1343     		orrs	r3, r3, r2
  75 0036 2B60     		str	r3, [r5]
 116:hardware/mcu/st/stm32wlxx_hal_driver/Src/stm32wlxx_hal_dma_ex.c ****                (~DMAMUX_CxCR_DMAREQ_ID), \
 117:hardware/mcu/st/stm32wlxx_hal_driver/Src/stm32wlxx_hal_dma_ex.c ****                (pSyncConfig->SyncSignalID | ((pSyncConfig->RequestNumber - 1U) << DMAMUX_CxCR_NBREQ
 118:hardware/mcu/st/stm32wlxx_hal_driver/Src/stm32wlxx_hal_dma_ex.c ****                 pSyncConfig->SyncPolarity | ((uint32_t)pSyncConfig->SyncEnable << DMAMUX_CxCR_SE_Po
 119:hardware/mcu/st/stm32wlxx_hal_driver/Src/stm32wlxx_hal_dma_ex.c ****                 ((uint32_t)pSyncConfig->EventEnable << DMAMUX_CxCR_EGE_Pos)));
 120:hardware/mcu/st/stm32wlxx_hal_driver/Src/stm32wlxx_hal_dma_ex.c **** 
 121:hardware/mcu/st/stm32wlxx_hal_driver/Src/stm32wlxx_hal_dma_ex.c ****     /* Process UnLocked */
 122:hardware/mcu/st/stm32wlxx_hal_driver/Src/stm32wlxx_hal_dma_ex.c ****     __HAL_UNLOCK(hdma);
  76              		.loc 1 122 5 is_stmt 1 discriminator 2 view .LVU17
  77              		.loc 1 122 5 discriminator 2 view .LVU18
  78 0038 0023     		movs	r3, #0
  79 003a 80F82430 		strb	r3, [r0, #36]
  80              		.loc 1 122 5 discriminator 2 view .LVU19
 123:hardware/mcu/st/stm32wlxx_hal_driver/Src/stm32wlxx_hal_dma_ex.c **** 
 124:hardware/mcu/st/stm32wlxx_hal_driver/Src/stm32wlxx_hal_dma_ex.c ****     return HAL_OK;
  81              		.loc 1 124 5 discriminator 2 view .LVU20
  82              		.loc 1 124 12 is_stmt 0 discriminator 2 view .LVU21
  83 003e 1846     		mov	r0, r3
  84              	.LVL2:
  85              	.L3:
 125:hardware/mcu/st/stm32wlxx_hal_driver/Src/stm32wlxx_hal_dma_ex.c ****   }
 126:hardware/mcu/st/stm32wlxx_hal_driver/Src/stm32wlxx_hal_dma_ex.c ****   else
 127:hardware/mcu/st/stm32wlxx_hal_driver/Src/stm32wlxx_hal_dma_ex.c ****   {
 128:hardware/mcu/st/stm32wlxx_hal_driver/Src/stm32wlxx_hal_dma_ex.c ****     /* Set the error code to busy */
 129:hardware/mcu/st/stm32wlxx_hal_driver/Src/stm32wlxx_hal_dma_ex.c ****     hdma->ErrorCode = HAL_DMA_ERROR_BUSY;
 130:hardware/mcu/st/stm32wlxx_hal_driver/Src/stm32wlxx_hal_dma_ex.c **** 
 131:hardware/mcu/st/stm32wlxx_hal_driver/Src/stm32wlxx_hal_dma_ex.c ****     /* Return error status */
 132:hardware/mcu/st/stm32wlxx_hal_driver/Src/stm32wlxx_hal_dma_ex.c ****     return HAL_ERROR;
 133:hardware/mcu/st/stm32wlxx_hal_driver/Src/stm32wlxx_hal_dma_ex.c ****   }
 134:hardware/mcu/st/stm32wlxx_hal_driver/Src/stm32wlxx_hal_dma_ex.c **** }
  86              		.loc 1 134 1 view .LVU22
  87 0040 70BD     		pop	{r4, r5, r6, pc}
  88              	.LVL3:
  89              	.L2:
 129:hardware/mcu/st/stm32wlxx_hal_driver/Src/stm32wlxx_hal_dma_ex.c **** 
  90              		.loc 1 129 5 is_stmt 1 view .LVU23
 129:hardware/mcu/st/stm32wlxx_hal_driver/Src/stm32wlxx_hal_dma_ex.c **** 
  91              		.loc 1 129 21 is_stmt 0 view .LVU24
  92 0042 8023     		movs	r3, #128
ARM GAS  /tmp/ccdvKhaG.s 			page 5


  93 0044 C363     		str	r3, [r0, #60]
 132:hardware/mcu/st/stm32wlxx_hal_driver/Src/stm32wlxx_hal_dma_ex.c ****   }
  94              		.loc 1 132 5 is_stmt 1 view .LVU25
 132:hardware/mcu/st/stm32wlxx_hal_driver/Src/stm32wlxx_hal_dma_ex.c ****   }
  95              		.loc 1 132 12 is_stmt 0 view .LVU26
  96 0046 0120     		movs	r0, #1
  97              	.LVL4:
 132:hardware/mcu/st/stm32wlxx_hal_driver/Src/stm32wlxx_hal_dma_ex.c ****   }
  98              		.loc 1 132 12 view .LVU27
  99 0048 FAE7     		b	.L3
 100              	.LVL5:
 101              	.L4:
 112:hardware/mcu/st/stm32wlxx_hal_driver/Src/stm32wlxx_hal_dma_ex.c **** 
 102              		.loc 1 112 5 view .LVU28
 103 004a 0220     		movs	r0, #2
 104              	.LVL6:
 112:hardware/mcu/st/stm32wlxx_hal_driver/Src/stm32wlxx_hal_dma_ex.c **** 
 105              		.loc 1 112 5 view .LVU29
 106 004c F8E7     		b	.L3
 107              		.cfi_endproc
 108              	.LFE721:
 110              		.section	.text.HAL_DMAEx_ConfigMuxRequestGenerator,"ax",%progbits
 111              		.align	1
 112              		.global	HAL_DMAEx_ConfigMuxRequestGenerator
 113              		.syntax unified
 114              		.thumb
 115              		.thumb_func
 117              	HAL_DMAEx_ConfigMuxRequestGenerator:
 118              	.LVL7:
 119              	.LFB722:
 135:hardware/mcu/st/stm32wlxx_hal_driver/Src/stm32wlxx_hal_dma_ex.c **** 
 136:hardware/mcu/st/stm32wlxx_hal_driver/Src/stm32wlxx_hal_dma_ex.c **** /**
 137:hardware/mcu/st/stm32wlxx_hal_driver/Src/stm32wlxx_hal_dma_ex.c ****   * @brief Configure the DMAMUX request generator block used by the given DMA channel (instance).
 138:hardware/mcu/st/stm32wlxx_hal_driver/Src/stm32wlxx_hal_dma_ex.c ****   * @param hdma Pointer to a DMA_HandleTypeDef structure that contains
 139:hardware/mcu/st/stm32wlxx_hal_driver/Src/stm32wlxx_hal_dma_ex.c ****   *             the configuration information for the specified DMA channel.
 140:hardware/mcu/st/stm32wlxx_hal_driver/Src/stm32wlxx_hal_dma_ex.c ****   * @param pRequestGeneratorConfig Pointer to HAL_DMA_MuxRequestGeneratorConfigTypeDef
 141:hardware/mcu/st/stm32wlxx_hal_driver/Src/stm32wlxx_hal_dma_ex.c ****   *                                contains the request generator parameters.
 142:hardware/mcu/st/stm32wlxx_hal_driver/Src/stm32wlxx_hal_dma_ex.c ****   *
 143:hardware/mcu/st/stm32wlxx_hal_driver/Src/stm32wlxx_hal_dma_ex.c ****   * @retval HAL status
 144:hardware/mcu/st/stm32wlxx_hal_driver/Src/stm32wlxx_hal_dma_ex.c ****   */
 145:hardware/mcu/st/stm32wlxx_hal_driver/Src/stm32wlxx_hal_dma_ex.c **** HAL_StatusTypeDef HAL_DMAEx_ConfigMuxRequestGenerator(DMA_HandleTypeDef *hdma, HAL_DMA_MuxRequestGe
 146:hardware/mcu/st/stm32wlxx_hal_driver/Src/stm32wlxx_hal_dma_ex.c **** {
 120              		.loc 1 146 1 is_stmt 1 view -0
 121              		.cfi_startproc
 122              		@ args = 0, pretend = 0, frame = 0
 123              		@ frame_needed = 0, uses_anonymous_args = 0
 147:hardware/mcu/st/stm32wlxx_hal_driver/Src/stm32wlxx_hal_dma_ex.c ****   HAL_StatusTypeDef status;
 124              		.loc 1 147 3 view .LVU31
 148:hardware/mcu/st/stm32wlxx_hal_driver/Src/stm32wlxx_hal_dma_ex.c ****   HAL_DMA_StateTypeDef temp_state = hdma->State;
 125              		.loc 1 148 3 view .LVU32
 146:hardware/mcu/st/stm32wlxx_hal_driver/Src/stm32wlxx_hal_dma_ex.c ****   HAL_StatusTypeDef status;
 126              		.loc 1 146 1 is_stmt 0 view .LVU33
 127 0000 30B5     		push	{r4, r5, lr}
 128              	.LCFI1:
 129              		.cfi_def_cfa_offset 12
 130              		.cfi_offset 4, -12
 131              		.cfi_offset 5, -8
ARM GAS  /tmp/ccdvKhaG.s 			page 6


 132              		.cfi_offset 14, -4
 149:hardware/mcu/st/stm32wlxx_hal_driver/Src/stm32wlxx_hal_dma_ex.c **** 
 150:hardware/mcu/st/stm32wlxx_hal_driver/Src/stm32wlxx_hal_dma_ex.c ****   /* Check the parameters */
 151:hardware/mcu/st/stm32wlxx_hal_driver/Src/stm32wlxx_hal_dma_ex.c ****   assert_param(IS_DMA_ALL_INSTANCE(hdma->Instance));
 152:hardware/mcu/st/stm32wlxx_hal_driver/Src/stm32wlxx_hal_dma_ex.c **** 
 153:hardware/mcu/st/stm32wlxx_hal_driver/Src/stm32wlxx_hal_dma_ex.c ****   assert_param(IS_DMAMUX_REQUEST_GEN_SIGNAL_ID(pRequestGeneratorConfig->SignalID));
 154:hardware/mcu/st/stm32wlxx_hal_driver/Src/stm32wlxx_hal_dma_ex.c **** 
 155:hardware/mcu/st/stm32wlxx_hal_driver/Src/stm32wlxx_hal_dma_ex.c ****   assert_param(IS_DMAMUX_REQUEST_GEN_POLARITY(pRequestGeneratorConfig->Polarity));
 156:hardware/mcu/st/stm32wlxx_hal_driver/Src/stm32wlxx_hal_dma_ex.c ****   assert_param(IS_DMAMUX_REQUEST_GEN_REQUEST_NUMBER(pRequestGeneratorConfig->RequestNumber));
 157:hardware/mcu/st/stm32wlxx_hal_driver/Src/stm32wlxx_hal_dma_ex.c **** 
 158:hardware/mcu/st/stm32wlxx_hal_driver/Src/stm32wlxx_hal_dma_ex.c ****   /* check if the DMA state is ready
 159:hardware/mcu/st/stm32wlxx_hal_driver/Src/stm32wlxx_hal_dma_ex.c ****      and DMA is using a DMAMUX request generator block
 160:hardware/mcu/st/stm32wlxx_hal_driver/Src/stm32wlxx_hal_dma_ex.c ****   */
 161:hardware/mcu/st/stm32wlxx_hal_driver/Src/stm32wlxx_hal_dma_ex.c ****   if (hdma->DMAmuxRequestGen == 0U)
 133              		.loc 1 161 11 view .LVU34
 134 0002 446D     		ldr	r4, [r0, #84]
 148:hardware/mcu/st/stm32wlxx_hal_driver/Src/stm32wlxx_hal_dma_ex.c **** 
 135              		.loc 1 148 24 view .LVU35
 136 0004 90F82520 		ldrb	r2, [r0, #37]	@ zero_extendqisi2
 146:hardware/mcu/st/stm32wlxx_hal_driver/Src/stm32wlxx_hal_dma_ex.c ****   HAL_StatusTypeDef status;
 137              		.loc 1 146 1 view .LVU36
 138 0008 0346     		mov	r3, r0
 148:hardware/mcu/st/stm32wlxx_hal_driver/Src/stm32wlxx_hal_dma_ex.c **** 
 139              		.loc 1 148 24 view .LVU37
 140 000a D2B2     		uxtb	r2, r2
 141              	.LVL8:
 151:hardware/mcu/st/stm32wlxx_hal_driver/Src/stm32wlxx_hal_dma_ex.c **** 
 142              		.loc 1 151 3 is_stmt 1 view .LVU38
 153:hardware/mcu/st/stm32wlxx_hal_driver/Src/stm32wlxx_hal_dma_ex.c **** 
 143              		.loc 1 153 3 view .LVU39
 155:hardware/mcu/st/stm32wlxx_hal_driver/Src/stm32wlxx_hal_dma_ex.c ****   assert_param(IS_DMAMUX_REQUEST_GEN_REQUEST_NUMBER(pRequestGeneratorConfig->RequestNumber));
 144              		.loc 1 155 3 view .LVU40
 156:hardware/mcu/st/stm32wlxx_hal_driver/Src/stm32wlxx_hal_dma_ex.c **** 
 145              		.loc 1 156 3 view .LVU41
 146              		.loc 1 161 3 view .LVU42
 147              		.loc 1 161 6 is_stmt 0 view .LVU43
 148 000c 1CB9     		cbnz	r4, .L6
 162:hardware/mcu/st/stm32wlxx_hal_driver/Src/stm32wlxx_hal_dma_ex.c ****   {
 163:hardware/mcu/st/stm32wlxx_hal_driver/Src/stm32wlxx_hal_dma_ex.c ****     /* Set the error code to busy */
 164:hardware/mcu/st/stm32wlxx_hal_driver/Src/stm32wlxx_hal_dma_ex.c ****     hdma->ErrorCode = HAL_DMA_ERROR_PARAM;
 149              		.loc 1 164 5 is_stmt 1 view .LVU44
 150              		.loc 1 164 21 is_stmt 0 view .LVU45
 151 000e 4022     		movs	r2, #64
 152              	.LVL9:
 153              	.L10:
 165:hardware/mcu/st/stm32wlxx_hal_driver/Src/stm32wlxx_hal_dma_ex.c **** 
 166:hardware/mcu/st/stm32wlxx_hal_driver/Src/stm32wlxx_hal_dma_ex.c ****     /* error status */
 167:hardware/mcu/st/stm32wlxx_hal_driver/Src/stm32wlxx_hal_dma_ex.c ****     status = HAL_ERROR;
 168:hardware/mcu/st/stm32wlxx_hal_driver/Src/stm32wlxx_hal_dma_ex.c ****   }
 169:hardware/mcu/st/stm32wlxx_hal_driver/Src/stm32wlxx_hal_dma_ex.c ****   else if (((hdma->DMAmuxRequestGen->RGCR & DMAMUX_RGxCR_GE) == 0U) && (temp_state == HAL_DMA_STATE
 170:hardware/mcu/st/stm32wlxx_hal_driver/Src/stm32wlxx_hal_dma_ex.c ****   {
 171:hardware/mcu/st/stm32wlxx_hal_driver/Src/stm32wlxx_hal_dma_ex.c ****     /* RequestGenerator must be disable prior to the configuration i.e GE bit is 0 */
 172:hardware/mcu/st/stm32wlxx_hal_driver/Src/stm32wlxx_hal_dma_ex.c **** 
 173:hardware/mcu/st/stm32wlxx_hal_driver/Src/stm32wlxx_hal_dma_ex.c ****     /* Process Locked */
 174:hardware/mcu/st/stm32wlxx_hal_driver/Src/stm32wlxx_hal_dma_ex.c ****     __HAL_LOCK(hdma);
 175:hardware/mcu/st/stm32wlxx_hal_driver/Src/stm32wlxx_hal_dma_ex.c **** 
 176:hardware/mcu/st/stm32wlxx_hal_driver/Src/stm32wlxx_hal_dma_ex.c ****     /* Set the request generator new parameters*/
ARM GAS  /tmp/ccdvKhaG.s 			page 7


 177:hardware/mcu/st/stm32wlxx_hal_driver/Src/stm32wlxx_hal_dma_ex.c ****     hdma->DMAmuxRequestGen->RGCR = pRequestGeneratorConfig->SignalID | \
 178:hardware/mcu/st/stm32wlxx_hal_driver/Src/stm32wlxx_hal_dma_ex.c ****                                    ((pRequestGeneratorConfig->RequestNumber - 1U) << DMAMUX_RGxCR_G
 179:hardware/mcu/st/stm32wlxx_hal_driver/Src/stm32wlxx_hal_dma_ex.c ****                                    pRequestGeneratorConfig->Polarity;
 180:hardware/mcu/st/stm32wlxx_hal_driver/Src/stm32wlxx_hal_dma_ex.c ****     /* Process UnLocked */
 181:hardware/mcu/st/stm32wlxx_hal_driver/Src/stm32wlxx_hal_dma_ex.c ****     __HAL_UNLOCK(hdma);
 182:hardware/mcu/st/stm32wlxx_hal_driver/Src/stm32wlxx_hal_dma_ex.c **** 
 183:hardware/mcu/st/stm32wlxx_hal_driver/Src/stm32wlxx_hal_dma_ex.c ****     return HAL_OK;
 184:hardware/mcu/st/stm32wlxx_hal_driver/Src/stm32wlxx_hal_dma_ex.c ****   }
 185:hardware/mcu/st/stm32wlxx_hal_driver/Src/stm32wlxx_hal_dma_ex.c ****   else
 186:hardware/mcu/st/stm32wlxx_hal_driver/Src/stm32wlxx_hal_dma_ex.c ****   {
 187:hardware/mcu/st/stm32wlxx_hal_driver/Src/stm32wlxx_hal_dma_ex.c ****     /* Set the error code to busy */
 188:hardware/mcu/st/stm32wlxx_hal_driver/Src/stm32wlxx_hal_dma_ex.c ****     hdma->ErrorCode = HAL_DMA_ERROR_BUSY;
 154              		.loc 1 188 21 view .LVU46
 155 0010 DA63     		str	r2, [r3, #60]
 189:hardware/mcu/st/stm32wlxx_hal_driver/Src/stm32wlxx_hal_dma_ex.c **** 
 190:hardware/mcu/st/stm32wlxx_hal_driver/Src/stm32wlxx_hal_dma_ex.c ****     /* error status */
 191:hardware/mcu/st/stm32wlxx_hal_driver/Src/stm32wlxx_hal_dma_ex.c ****     status = HAL_ERROR;
 156              		.loc 1 191 5 is_stmt 1 view .LVU47
 157              	.LVL10:
 192:hardware/mcu/st/stm32wlxx_hal_driver/Src/stm32wlxx_hal_dma_ex.c ****   }
 193:hardware/mcu/st/stm32wlxx_hal_driver/Src/stm32wlxx_hal_dma_ex.c **** 
 194:hardware/mcu/st/stm32wlxx_hal_driver/Src/stm32wlxx_hal_dma_ex.c ****   return status;
 158              		.loc 1 194 10 is_stmt 0 view .LVU48
 159 0012 0120     		movs	r0, #1
 160 0014 13E0     		b	.L7
 161              	.LVL11:
 162              	.L6:
 169:hardware/mcu/st/stm32wlxx_hal_driver/Src/stm32wlxx_hal_dma_ex.c ****   {
 163              		.loc 1 169 8 is_stmt 1 view .LVU49
 169:hardware/mcu/st/stm32wlxx_hal_driver/Src/stm32wlxx_hal_dma_ex.c ****   {
 164              		.loc 1 169 36 is_stmt 0 view .LVU50
 165 0016 2068     		ldr	r0, [r4]
 166              	.LVL12:
 169:hardware/mcu/st/stm32wlxx_hal_driver/Src/stm32wlxx_hal_dma_ex.c ****   {
 167              		.loc 1 169 11 view .LVU51
 168 0018 10F48030 		ands	r0, r0, #65536
 169 001c 10D1     		bne	.L8
 169:hardware/mcu/st/stm32wlxx_hal_driver/Src/stm32wlxx_hal_dma_ex.c ****   {
 170              		.loc 1 169 69 discriminator 1 view .LVU52
 171 001e 012A     		cmp	r2, #1
 172 0020 0ED1     		bne	.L8
 174:hardware/mcu/st/stm32wlxx_hal_driver/Src/stm32wlxx_hal_dma_ex.c **** 
 173              		.loc 1 174 5 is_stmt 1 view .LVU53
 174:hardware/mcu/st/stm32wlxx_hal_driver/Src/stm32wlxx_hal_dma_ex.c **** 
 174              		.loc 1 174 5 view .LVU54
 175 0022 93F82420 		ldrb	r2, [r3, #36]	@ zero_extendqisi2
 176              	.LVL13:
 174:hardware/mcu/st/stm32wlxx_hal_driver/Src/stm32wlxx_hal_dma_ex.c **** 
 177              		.loc 1 174 5 is_stmt 0 view .LVU55
 178 0026 012A     		cmp	r2, #1
 179 0028 0CD0     		beq	.L9
 174:hardware/mcu/st/stm32wlxx_hal_driver/Src/stm32wlxx_hal_dma_ex.c **** 
 180              		.loc 1 174 5 is_stmt 1 discriminator 2 view .LVU56
 174:hardware/mcu/st/stm32wlxx_hal_driver/Src/stm32wlxx_hal_dma_ex.c **** 
 181              		.loc 1 174 5 discriminator 2 view .LVU57
 177:hardware/mcu/st/stm32wlxx_hal_driver/Src/stm32wlxx_hal_dma_ex.c ****                                    ((pRequestGeneratorConfig->RequestNumber - 1U) << DMAMUX_RGxCR_G
 182              		.loc 1 177 5 discriminator 2 view .LVU58
ARM GAS  /tmp/ccdvKhaG.s 			page 8


 178:hardware/mcu/st/stm32wlxx_hal_driver/Src/stm32wlxx_hal_dma_ex.c ****                                    pRequestGeneratorConfig->Polarity;
 183              		.loc 1 178 77 is_stmt 0 discriminator 2 view .LVU59
 184 002a 8A68     		ldr	r2, [r1, #8]
 185 002c 551E     		subs	r5, r2, #1
 178:hardware/mcu/st/stm32wlxx_hal_driver/Src/stm32wlxx_hal_dma_ex.c ****                                    pRequestGeneratorConfig->Polarity;
 186              		.loc 1 178 111 discriminator 2 view .LVU60
 187 002e D1E90021 		ldrd	r2, r1, [r1]
 188              	.LVL14:
 178:hardware/mcu/st/stm32wlxx_hal_driver/Src/stm32wlxx_hal_dma_ex.c ****                                    pRequestGeneratorConfig->Polarity;
 189              		.loc 1 178 111 discriminator 2 view .LVU61
 190 0032 0A43     		orrs	r2, r2, r1
 191 0034 42EAC542 		orr	r2, r2, r5, lsl #19
 177:hardware/mcu/st/stm32wlxx_hal_driver/Src/stm32wlxx_hal_dma_ex.c ****                                    ((pRequestGeneratorConfig->RequestNumber - 1U) << DMAMUX_RGxCR_G
 192              		.loc 1 177 34 discriminator 2 view .LVU62
 193 0038 2260     		str	r2, [r4]
 181:hardware/mcu/st/stm32wlxx_hal_driver/Src/stm32wlxx_hal_dma_ex.c **** 
 194              		.loc 1 181 5 is_stmt 1 discriminator 2 view .LVU63
 181:hardware/mcu/st/stm32wlxx_hal_driver/Src/stm32wlxx_hal_dma_ex.c **** 
 195              		.loc 1 181 5 discriminator 2 view .LVU64
 196 003a 83F82400 		strb	r0, [r3, #36]
 181:hardware/mcu/st/stm32wlxx_hal_driver/Src/stm32wlxx_hal_dma_ex.c **** 
 197              		.loc 1 181 5 discriminator 2 view .LVU65
 183:hardware/mcu/st/stm32wlxx_hal_driver/Src/stm32wlxx_hal_dma_ex.c ****   }
 198              		.loc 1 183 5 discriminator 2 view .LVU66
 199              	.L7:
 195:hardware/mcu/st/stm32wlxx_hal_driver/Src/stm32wlxx_hal_dma_ex.c **** }
 200              		.loc 1 195 1 is_stmt 0 view .LVU67
 201 003e 30BD     		pop	{r4, r5, pc}
 202              	.LVL15:
 203              	.L8:
 188:hardware/mcu/st/stm32wlxx_hal_driver/Src/stm32wlxx_hal_dma_ex.c **** 
 204              		.loc 1 188 5 is_stmt 1 view .LVU68
 188:hardware/mcu/st/stm32wlxx_hal_driver/Src/stm32wlxx_hal_dma_ex.c **** 
 205              		.loc 1 188 21 is_stmt 0 view .LVU69
 206 0040 8022     		movs	r2, #128
 207              	.LVL16:
 188:hardware/mcu/st/stm32wlxx_hal_driver/Src/stm32wlxx_hal_dma_ex.c **** 
 208              		.loc 1 188 21 view .LVU70
 209 0042 E5E7     		b	.L10
 210              	.L9:
 174:hardware/mcu/st/stm32wlxx_hal_driver/Src/stm32wlxx_hal_dma_ex.c **** 
 211              		.loc 1 174 5 view .LVU71
 212 0044 0220     		movs	r0, #2
 213 0046 FAE7     		b	.L7
 214              		.cfi_endproc
 215              	.LFE722:
 217              		.section	.text.HAL_DMAEx_EnableMuxRequestGenerator,"ax",%progbits
 218              		.align	1
 219              		.global	HAL_DMAEx_EnableMuxRequestGenerator
 220              		.syntax unified
 221              		.thumb
 222              		.thumb_func
 224              	HAL_DMAEx_EnableMuxRequestGenerator:
 225              	.LVL17:
 226              	.LFB723:
 196:hardware/mcu/st/stm32wlxx_hal_driver/Src/stm32wlxx_hal_dma_ex.c **** 
 197:hardware/mcu/st/stm32wlxx_hal_driver/Src/stm32wlxx_hal_dma_ex.c **** /**
ARM GAS  /tmp/ccdvKhaG.s 			page 9


 198:hardware/mcu/st/stm32wlxx_hal_driver/Src/stm32wlxx_hal_dma_ex.c ****   * @brief Enable the DMAMUX request generator block used by the given DMA channel (instance).
 199:hardware/mcu/st/stm32wlxx_hal_driver/Src/stm32wlxx_hal_dma_ex.c ****   * @param hdma Pointer to a DMA_HandleTypeDef structure that contains
 200:hardware/mcu/st/stm32wlxx_hal_driver/Src/stm32wlxx_hal_dma_ex.c ****   *             the configuration information for the specified DMA channel.
 201:hardware/mcu/st/stm32wlxx_hal_driver/Src/stm32wlxx_hal_dma_ex.c ****   * @retval HAL status
 202:hardware/mcu/st/stm32wlxx_hal_driver/Src/stm32wlxx_hal_dma_ex.c ****   */
 203:hardware/mcu/st/stm32wlxx_hal_driver/Src/stm32wlxx_hal_dma_ex.c **** HAL_StatusTypeDef HAL_DMAEx_EnableMuxRequestGenerator(DMA_HandleTypeDef *hdma)
 204:hardware/mcu/st/stm32wlxx_hal_driver/Src/stm32wlxx_hal_dma_ex.c **** {
 227              		.loc 1 204 1 is_stmt 1 view -0
 228              		.cfi_startproc
 229              		@ args = 0, pretend = 0, frame = 0
 230              		@ frame_needed = 0, uses_anonymous_args = 0
 231              		@ link register save eliminated.
 205:hardware/mcu/st/stm32wlxx_hal_driver/Src/stm32wlxx_hal_dma_ex.c ****   /* Check the parameters */
 206:hardware/mcu/st/stm32wlxx_hal_driver/Src/stm32wlxx_hal_dma_ex.c ****   assert_param(IS_DMA_ALL_INSTANCE(hdma->Instance));
 232              		.loc 1 206 3 view .LVU73
 207:hardware/mcu/st/stm32wlxx_hal_driver/Src/stm32wlxx_hal_dma_ex.c **** 
 208:hardware/mcu/st/stm32wlxx_hal_driver/Src/stm32wlxx_hal_dma_ex.c ****   /* check if the DMA state is ready
 209:hardware/mcu/st/stm32wlxx_hal_driver/Src/stm32wlxx_hal_dma_ex.c ****      and DMA is using a DMAMUX request generator block
 210:hardware/mcu/st/stm32wlxx_hal_driver/Src/stm32wlxx_hal_dma_ex.c ****   */
 211:hardware/mcu/st/stm32wlxx_hal_driver/Src/stm32wlxx_hal_dma_ex.c ****   if ((hdma->State != HAL_DMA_STATE_RESET) && (hdma->DMAmuxRequestGen != 0))
 233              		.loc 1 211 3 view .LVU74
 234              		.loc 1 211 12 is_stmt 0 view .LVU75
 235 0000 90F82530 		ldrb	r3, [r0, #37]	@ zero_extendqisi2
 236              		.loc 1 211 6 view .LVU76
 237 0004 3BB1     		cbz	r3, .L14
 238              		.loc 1 211 52 discriminator 1 view .LVU77
 239 0006 436D     		ldr	r3, [r0, #84]
 240              		.loc 1 211 44 discriminator 1 view .LVU78
 241 0008 2BB1     		cbz	r3, .L14
 212:hardware/mcu/st/stm32wlxx_hal_driver/Src/stm32wlxx_hal_dma_ex.c ****   {
 213:hardware/mcu/st/stm32wlxx_hal_driver/Src/stm32wlxx_hal_dma_ex.c **** 
 214:hardware/mcu/st/stm32wlxx_hal_driver/Src/stm32wlxx_hal_dma_ex.c ****     /* Enable the request generator*/
 215:hardware/mcu/st/stm32wlxx_hal_driver/Src/stm32wlxx_hal_dma_ex.c ****     hdma->DMAmuxRequestGen->RGCR |= DMAMUX_RGxCR_GE;
 242              		.loc 1 215 5 is_stmt 1 view .LVU79
 243              		.loc 1 215 34 is_stmt 0 view .LVU80
 244 000a 1A68     		ldr	r2, [r3]
 245 000c 42F48032 		orr	r2, r2, #65536
 246 0010 1A60     		str	r2, [r3]
 216:hardware/mcu/st/stm32wlxx_hal_driver/Src/stm32wlxx_hal_dma_ex.c **** 
 217:hardware/mcu/st/stm32wlxx_hal_driver/Src/stm32wlxx_hal_dma_ex.c ****     return HAL_OK;
 247              		.loc 1 217 5 is_stmt 1 view .LVU81
 248              		.loc 1 217 12 is_stmt 0 view .LVU82
 249 0012 0020     		movs	r0, #0
 250              	.LVL18:
 251              		.loc 1 217 12 view .LVU83
 252 0014 7047     		bx	lr
 253              	.LVL19:
 254              	.L14:
 218:hardware/mcu/st/stm32wlxx_hal_driver/Src/stm32wlxx_hal_dma_ex.c ****   }
 219:hardware/mcu/st/stm32wlxx_hal_driver/Src/stm32wlxx_hal_dma_ex.c ****   else
 220:hardware/mcu/st/stm32wlxx_hal_driver/Src/stm32wlxx_hal_dma_ex.c ****   {
 221:hardware/mcu/st/stm32wlxx_hal_driver/Src/stm32wlxx_hal_dma_ex.c ****     return HAL_ERROR;
 255              		.loc 1 221 12 view .LVU84
 256 0016 0120     		movs	r0, #1
 257              	.LVL20:
 222:hardware/mcu/st/stm32wlxx_hal_driver/Src/stm32wlxx_hal_dma_ex.c ****   }
 223:hardware/mcu/st/stm32wlxx_hal_driver/Src/stm32wlxx_hal_dma_ex.c **** }
ARM GAS  /tmp/ccdvKhaG.s 			page 10


 258              		.loc 1 223 1 view .LVU85
 259 0018 7047     		bx	lr
 260              		.cfi_endproc
 261              	.LFE723:
 263              		.section	.text.HAL_DMAEx_DisableMuxRequestGenerator,"ax",%progbits
 264              		.align	1
 265              		.global	HAL_DMAEx_DisableMuxRequestGenerator
 266              		.syntax unified
 267              		.thumb
 268              		.thumb_func
 270              	HAL_DMAEx_DisableMuxRequestGenerator:
 271              	.LVL21:
 272              	.LFB724:
 224:hardware/mcu/st/stm32wlxx_hal_driver/Src/stm32wlxx_hal_dma_ex.c **** 
 225:hardware/mcu/st/stm32wlxx_hal_driver/Src/stm32wlxx_hal_dma_ex.c **** /**
 226:hardware/mcu/st/stm32wlxx_hal_driver/Src/stm32wlxx_hal_dma_ex.c ****   * @brief Disable the DMAMUX request generator block used by the given DMA channel (instance).
 227:hardware/mcu/st/stm32wlxx_hal_driver/Src/stm32wlxx_hal_dma_ex.c ****   * @param hdma Pointer to a DMA_HandleTypeDef structure that contains
 228:hardware/mcu/st/stm32wlxx_hal_driver/Src/stm32wlxx_hal_dma_ex.c ****   *             the configuration information for the specified DMA channel.
 229:hardware/mcu/st/stm32wlxx_hal_driver/Src/stm32wlxx_hal_dma_ex.c ****   * @retval HAL status
 230:hardware/mcu/st/stm32wlxx_hal_driver/Src/stm32wlxx_hal_dma_ex.c ****   */
 231:hardware/mcu/st/stm32wlxx_hal_driver/Src/stm32wlxx_hal_dma_ex.c **** HAL_StatusTypeDef HAL_DMAEx_DisableMuxRequestGenerator(DMA_HandleTypeDef *hdma)
 232:hardware/mcu/st/stm32wlxx_hal_driver/Src/stm32wlxx_hal_dma_ex.c **** {
 273              		.loc 1 232 1 is_stmt 1 view -0
 274              		.cfi_startproc
 275              		@ args = 0, pretend = 0, frame = 0
 276              		@ frame_needed = 0, uses_anonymous_args = 0
 277              		@ link register save eliminated.
 233:hardware/mcu/st/stm32wlxx_hal_driver/Src/stm32wlxx_hal_dma_ex.c ****   /* Check the parameters */
 234:hardware/mcu/st/stm32wlxx_hal_driver/Src/stm32wlxx_hal_dma_ex.c ****   assert_param(IS_DMA_ALL_INSTANCE(hdma->Instance));
 278              		.loc 1 234 3 view .LVU87
 235:hardware/mcu/st/stm32wlxx_hal_driver/Src/stm32wlxx_hal_dma_ex.c **** 
 236:hardware/mcu/st/stm32wlxx_hal_driver/Src/stm32wlxx_hal_dma_ex.c ****   /* check if the DMA state is ready
 237:hardware/mcu/st/stm32wlxx_hal_driver/Src/stm32wlxx_hal_dma_ex.c ****      and DMA is using a DMAMUX request generator block
 238:hardware/mcu/st/stm32wlxx_hal_driver/Src/stm32wlxx_hal_dma_ex.c ****   */
 239:hardware/mcu/st/stm32wlxx_hal_driver/Src/stm32wlxx_hal_dma_ex.c ****   if ((hdma->State != HAL_DMA_STATE_RESET) && (hdma->DMAmuxRequestGen != 0))
 279              		.loc 1 239 3 view .LVU88
 280              		.loc 1 239 12 is_stmt 0 view .LVU89
 281 0000 90F82530 		ldrb	r3, [r0, #37]	@ zero_extendqisi2
 282              		.loc 1 239 6 view .LVU90
 283 0004 3BB1     		cbz	r3, .L18
 284              		.loc 1 239 52 discriminator 1 view .LVU91
 285 0006 436D     		ldr	r3, [r0, #84]
 286              		.loc 1 239 44 discriminator 1 view .LVU92
 287 0008 2BB1     		cbz	r3, .L18
 240:hardware/mcu/st/stm32wlxx_hal_driver/Src/stm32wlxx_hal_dma_ex.c ****   {
 241:hardware/mcu/st/stm32wlxx_hal_driver/Src/stm32wlxx_hal_dma_ex.c **** 
 242:hardware/mcu/st/stm32wlxx_hal_driver/Src/stm32wlxx_hal_dma_ex.c ****     /* Disable the request generator*/
 243:hardware/mcu/st/stm32wlxx_hal_driver/Src/stm32wlxx_hal_dma_ex.c ****     hdma->DMAmuxRequestGen->RGCR &= ~DMAMUX_RGxCR_GE;
 288              		.loc 1 243 5 is_stmt 1 view .LVU93
 289              		.loc 1 243 34 is_stmt 0 view .LVU94
 290 000a 1A68     		ldr	r2, [r3]
 291 000c 22F48032 		bic	r2, r2, #65536
 292 0010 1A60     		str	r2, [r3]
 244:hardware/mcu/st/stm32wlxx_hal_driver/Src/stm32wlxx_hal_dma_ex.c **** 
 245:hardware/mcu/st/stm32wlxx_hal_driver/Src/stm32wlxx_hal_dma_ex.c ****     return HAL_OK;
 293              		.loc 1 245 5 is_stmt 1 view .LVU95
 294              		.loc 1 245 12 is_stmt 0 view .LVU96
ARM GAS  /tmp/ccdvKhaG.s 			page 11


 295 0012 0020     		movs	r0, #0
 296              	.LVL22:
 297              		.loc 1 245 12 view .LVU97
 298 0014 7047     		bx	lr
 299              	.LVL23:
 300              	.L18:
 246:hardware/mcu/st/stm32wlxx_hal_driver/Src/stm32wlxx_hal_dma_ex.c ****   }
 247:hardware/mcu/st/stm32wlxx_hal_driver/Src/stm32wlxx_hal_dma_ex.c ****   else
 248:hardware/mcu/st/stm32wlxx_hal_driver/Src/stm32wlxx_hal_dma_ex.c ****   {
 249:hardware/mcu/st/stm32wlxx_hal_driver/Src/stm32wlxx_hal_dma_ex.c ****     return HAL_ERROR;
 301              		.loc 1 249 12 view .LVU98
 302 0016 0120     		movs	r0, #1
 303              	.LVL24:
 250:hardware/mcu/st/stm32wlxx_hal_driver/Src/stm32wlxx_hal_dma_ex.c ****   }
 251:hardware/mcu/st/stm32wlxx_hal_driver/Src/stm32wlxx_hal_dma_ex.c **** }
 304              		.loc 1 251 1 view .LVU99
 305 0018 7047     		bx	lr
 306              		.cfi_endproc
 307              	.LFE724:
 309              		.section	.text.HAL_DMAEx_MUX_IRQHandler,"ax",%progbits
 310              		.align	1
 311              		.global	HAL_DMAEx_MUX_IRQHandler
 312              		.syntax unified
 313              		.thumb
 314              		.thumb_func
 316              	HAL_DMAEx_MUX_IRQHandler:
 317              	.LVL25:
 318              	.LFB725:
 252:hardware/mcu/st/stm32wlxx_hal_driver/Src/stm32wlxx_hal_dma_ex.c **** 
 253:hardware/mcu/st/stm32wlxx_hal_driver/Src/stm32wlxx_hal_dma_ex.c **** /**
 254:hardware/mcu/st/stm32wlxx_hal_driver/Src/stm32wlxx_hal_dma_ex.c ****   * @brief Handles DMAMUX interrupt request.
 255:hardware/mcu/st/stm32wlxx_hal_driver/Src/stm32wlxx_hal_dma_ex.c ****   * @param hdma Pointer to a DMA_HandleTypeDef structure that contains
 256:hardware/mcu/st/stm32wlxx_hal_driver/Src/stm32wlxx_hal_dma_ex.c ****   *             the configuration information for the specified DMA channel.
 257:hardware/mcu/st/stm32wlxx_hal_driver/Src/stm32wlxx_hal_dma_ex.c ****   * @retval None
 258:hardware/mcu/st/stm32wlxx_hal_driver/Src/stm32wlxx_hal_dma_ex.c ****   */
 259:hardware/mcu/st/stm32wlxx_hal_driver/Src/stm32wlxx_hal_dma_ex.c **** void HAL_DMAEx_MUX_IRQHandler(DMA_HandleTypeDef *hdma)
 260:hardware/mcu/st/stm32wlxx_hal_driver/Src/stm32wlxx_hal_dma_ex.c **** {
 319              		.loc 1 260 1 is_stmt 1 view -0
 320              		.cfi_startproc
 321              		@ args = 0, pretend = 0, frame = 0
 322              		@ frame_needed = 0, uses_anonymous_args = 0
 261:hardware/mcu/st/stm32wlxx_hal_driver/Src/stm32wlxx_hal_dma_ex.c ****   /* Check for DMAMUX Synchronization overrun */
 262:hardware/mcu/st/stm32wlxx_hal_driver/Src/stm32wlxx_hal_dma_ex.c ****   if ((hdma->DMAmuxChannelStatus->CSR & hdma->DMAmuxChannelStatusMask) != 0U)
 323              		.loc 1 262 3 view .LVU101
 324              		.loc 1 262 12 is_stmt 0 view .LVU102
 325 0000 C26C     		ldr	r2, [r0, #76]
 326              		.loc 1 262 45 view .LVU103
 327 0002 016D     		ldr	r1, [r0, #80]
 328              		.loc 1 262 33 view .LVU104
 329 0004 1368     		ldr	r3, [r2]
 330              		.loc 1 262 6 view .LVU105
 331 0006 0B42     		tst	r3, r1
 260:hardware/mcu/st/stm32wlxx_hal_driver/Src/stm32wlxx_hal_dma_ex.c ****   /* Check for DMAMUX Synchronization overrun */
 332              		.loc 1 260 1 view .LVU106
 333 0008 70B5     		push	{r4, r5, r6, lr}
 334              	.LCFI2:
 335              		.cfi_def_cfa_offset 16
ARM GAS  /tmp/ccdvKhaG.s 			page 12


 336              		.cfi_offset 4, -16
 337              		.cfi_offset 5, -12
 338              		.cfi_offset 6, -8
 339              		.cfi_offset 14, -4
 260:hardware/mcu/st/stm32wlxx_hal_driver/Src/stm32wlxx_hal_dma_ex.c ****   /* Check for DMAMUX Synchronization overrun */
 340              		.loc 1 260 1 view .LVU107
 341 000a 0446     		mov	r4, r0
 342              		.loc 1 262 6 view .LVU108
 343 000c 0CD0     		beq	.L21
 263:hardware/mcu/st/stm32wlxx_hal_driver/Src/stm32wlxx_hal_dma_ex.c ****   {
 264:hardware/mcu/st/stm32wlxx_hal_driver/Src/stm32wlxx_hal_dma_ex.c ****     /* Disable the synchro overrun interrupt */
 265:hardware/mcu/st/stm32wlxx_hal_driver/Src/stm32wlxx_hal_dma_ex.c ****     hdma->DMAmuxChannel->CCR &= ~DMAMUX_CxCR_SOIE;
 344              		.loc 1 265 5 is_stmt 1 view .LVU109
 345              		.loc 1 265 9 is_stmt 0 view .LVU110
 346 000e 856C     		ldr	r5, [r0, #72]
 347              		.loc 1 265 30 view .LVU111
 348 0010 2B68     		ldr	r3, [r5]
 349 0012 23F48073 		bic	r3, r3, #256
 350 0016 2B60     		str	r3, [r5]
 266:hardware/mcu/st/stm32wlxx_hal_driver/Src/stm32wlxx_hal_dma_ex.c **** 
 267:hardware/mcu/st/stm32wlxx_hal_driver/Src/stm32wlxx_hal_dma_ex.c ****     /* Clear the DMAMUX synchro overrun flag */
 268:hardware/mcu/st/stm32wlxx_hal_driver/Src/stm32wlxx_hal_dma_ex.c ****     hdma->DMAmuxChannelStatus->CFR = hdma->DMAmuxChannelStatusMask;
 351              		.loc 1 268 5 is_stmt 1 view .LVU112
 352              		.loc 1 268 36 is_stmt 0 view .LVU113
 353 0018 5160     		str	r1, [r2, #4]
 269:hardware/mcu/st/stm32wlxx_hal_driver/Src/stm32wlxx_hal_dma_ex.c **** 
 270:hardware/mcu/st/stm32wlxx_hal_driver/Src/stm32wlxx_hal_dma_ex.c ****     /* Update error code */
 271:hardware/mcu/st/stm32wlxx_hal_driver/Src/stm32wlxx_hal_dma_ex.c ****     hdma->ErrorCode |= HAL_DMA_ERROR_SYNC;
 354              		.loc 1 271 5 is_stmt 1 view .LVU114
 355              		.loc 1 271 21 is_stmt 0 view .LVU115
 356 001a C36B     		ldr	r3, [r0, #60]
 357 001c 43F40073 		orr	r3, r3, #512
 358 0020 C363     		str	r3, [r0, #60]
 272:hardware/mcu/st/stm32wlxx_hal_driver/Src/stm32wlxx_hal_dma_ex.c **** 
 273:hardware/mcu/st/stm32wlxx_hal_driver/Src/stm32wlxx_hal_dma_ex.c ****     if (hdma->XferErrorCallback != NULL)
 359              		.loc 1 273 5 is_stmt 1 view .LVU116
 360              		.loc 1 273 13 is_stmt 0 view .LVU117
 361 0022 436B     		ldr	r3, [r0, #52]
 362              		.loc 1 273 8 view .LVU118
 363 0024 03B1     		cbz	r3, .L21
 274:hardware/mcu/st/stm32wlxx_hal_driver/Src/stm32wlxx_hal_dma_ex.c ****     {
 275:hardware/mcu/st/stm32wlxx_hal_driver/Src/stm32wlxx_hal_dma_ex.c ****       /* Transfer error callback */
 276:hardware/mcu/st/stm32wlxx_hal_driver/Src/stm32wlxx_hal_dma_ex.c ****       hdma->XferErrorCallback(hdma);
 364              		.loc 1 276 7 is_stmt 1 view .LVU119
 365 0026 9847     		blx	r3
 366              	.LVL26:
 367              	.L21:
 277:hardware/mcu/st/stm32wlxx_hal_driver/Src/stm32wlxx_hal_dma_ex.c ****     }
 278:hardware/mcu/st/stm32wlxx_hal_driver/Src/stm32wlxx_hal_dma_ex.c ****   }
 279:hardware/mcu/st/stm32wlxx_hal_driver/Src/stm32wlxx_hal_dma_ex.c **** 
 280:hardware/mcu/st/stm32wlxx_hal_driver/Src/stm32wlxx_hal_dma_ex.c ****   if (hdma->DMAmuxRequestGen != 0)
 368              		.loc 1 280 3 view .LVU120
 369              		.loc 1 280 11 is_stmt 0 view .LVU121
 370 0028 636D     		ldr	r3, [r4, #84]
 371              		.loc 1 280 6 view .LVU122
 372 002a 9BB1     		cbz	r3, .L19
 281:hardware/mcu/st/stm32wlxx_hal_driver/Src/stm32wlxx_hal_dma_ex.c ****   {
ARM GAS  /tmp/ccdvKhaG.s 			page 13


 282:hardware/mcu/st/stm32wlxx_hal_driver/Src/stm32wlxx_hal_dma_ex.c ****     /* if using a DMAMUX request generator block Check for DMAMUX request generator overrun */
 283:hardware/mcu/st/stm32wlxx_hal_driver/Src/stm32wlxx_hal_dma_ex.c ****     if ((hdma->DMAmuxRequestGenStatus->RGSR & hdma->DMAmuxRequestGenStatusMask) != 0U)
 373              		.loc 1 283 5 is_stmt 1 view .LVU123
 374              		.loc 1 283 14 is_stmt 0 view .LVU124
 375 002c A16D     		ldr	r1, [r4, #88]
 376              		.loc 1 283 51 view .LVU125
 377 002e E06D     		ldr	r0, [r4, #92]
 378              		.loc 1 283 38 view .LVU126
 379 0030 0A68     		ldr	r2, [r1]
 380              		.loc 1 283 8 view .LVU127
 381 0032 0242     		tst	r2, r0
 382 0034 0ED0     		beq	.L19
 284:hardware/mcu/st/stm32wlxx_hal_driver/Src/stm32wlxx_hal_dma_ex.c ****     {
 285:hardware/mcu/st/stm32wlxx_hal_driver/Src/stm32wlxx_hal_dma_ex.c ****       /* Disable the request gen overrun interrupt */
 286:hardware/mcu/st/stm32wlxx_hal_driver/Src/stm32wlxx_hal_dma_ex.c ****       hdma->DMAmuxRequestGen->RGCR &= ~DMAMUX_RGxCR_OIE;
 383              		.loc 1 286 7 is_stmt 1 view .LVU128
 384              		.loc 1 286 36 is_stmt 0 view .LVU129
 385 0036 1A68     		ldr	r2, [r3]
 386 0038 22F48072 		bic	r2, r2, #256
 387 003c 1A60     		str	r2, [r3]
 287:hardware/mcu/st/stm32wlxx_hal_driver/Src/stm32wlxx_hal_dma_ex.c **** 
 288:hardware/mcu/st/stm32wlxx_hal_driver/Src/stm32wlxx_hal_dma_ex.c ****       /* Clear the DMAMUX request generator overrun flag */
 289:hardware/mcu/st/stm32wlxx_hal_driver/Src/stm32wlxx_hal_dma_ex.c ****       hdma->DMAmuxRequestGenStatus->RGCFR = hdma->DMAmuxRequestGenStatusMask;
 388              		.loc 1 289 7 is_stmt 1 view .LVU130
 389              		.loc 1 289 43 is_stmt 0 view .LVU131
 390 003e 4860     		str	r0, [r1, #4]
 290:hardware/mcu/st/stm32wlxx_hal_driver/Src/stm32wlxx_hal_dma_ex.c **** 
 291:hardware/mcu/st/stm32wlxx_hal_driver/Src/stm32wlxx_hal_dma_ex.c ****       /* Update error code */
 292:hardware/mcu/st/stm32wlxx_hal_driver/Src/stm32wlxx_hal_dma_ex.c ****       hdma->ErrorCode |= HAL_DMA_ERROR_REQGEN;
 391              		.loc 1 292 7 is_stmt 1 view .LVU132
 392              		.loc 1 292 23 is_stmt 0 view .LVU133
 393 0040 E36B     		ldr	r3, [r4, #60]
 394 0042 43F48063 		orr	r3, r3, #1024
 395 0046 E363     		str	r3, [r4, #60]
 293:hardware/mcu/st/stm32wlxx_hal_driver/Src/stm32wlxx_hal_dma_ex.c **** 
 294:hardware/mcu/st/stm32wlxx_hal_driver/Src/stm32wlxx_hal_dma_ex.c ****       if (hdma->XferErrorCallback != NULL)
 396              		.loc 1 294 7 is_stmt 1 view .LVU134
 397              		.loc 1 294 15 is_stmt 0 view .LVU135
 398 0048 636B     		ldr	r3, [r4, #52]
 399              		.loc 1 294 10 view .LVU136
 400 004a 1BB1     		cbz	r3, .L19
 295:hardware/mcu/st/stm32wlxx_hal_driver/Src/stm32wlxx_hal_dma_ex.c ****       {
 296:hardware/mcu/st/stm32wlxx_hal_driver/Src/stm32wlxx_hal_dma_ex.c ****         /* Transfer error callback */
 297:hardware/mcu/st/stm32wlxx_hal_driver/Src/stm32wlxx_hal_dma_ex.c ****         hdma->XferErrorCallback(hdma);
 401              		.loc 1 297 9 is_stmt 1 view .LVU137
 402 004c 2046     		mov	r0, r4
 298:hardware/mcu/st/stm32wlxx_hal_driver/Src/stm32wlxx_hal_dma_ex.c ****       }
 299:hardware/mcu/st/stm32wlxx_hal_driver/Src/stm32wlxx_hal_dma_ex.c ****     }
 300:hardware/mcu/st/stm32wlxx_hal_driver/Src/stm32wlxx_hal_dma_ex.c ****   }
 301:hardware/mcu/st/stm32wlxx_hal_driver/Src/stm32wlxx_hal_dma_ex.c **** }
 403              		.loc 1 301 1 is_stmt 0 view .LVU138
 404 004e BDE87040 		pop	{r4, r5, r6, lr}
 405              	.LCFI3:
 406              		.cfi_remember_state
 407              		.cfi_restore 14
 408              		.cfi_restore 6
 409              		.cfi_restore 5
ARM GAS  /tmp/ccdvKhaG.s 			page 14


 410              		.cfi_restore 4
 411              		.cfi_def_cfa_offset 0
 412              	.LVL27:
 297:hardware/mcu/st/stm32wlxx_hal_driver/Src/stm32wlxx_hal_dma_ex.c ****       }
 413              		.loc 1 297 9 view .LVU139
 414 0052 1847     		bx	r3	@ indirect register sibling call
 415              	.LVL28:
 416              	.L19:
 417              	.LCFI4:
 418              		.cfi_restore_state
 419              		.loc 1 301 1 view .LVU140
 420 0054 70BD     		pop	{r4, r5, r6, pc}
 421              		.loc 1 301 1 view .LVU141
 422              		.cfi_endproc
 423              	.LFE725:
 425              		.text
 426              	.Letext0:
 427              		.file 2 "/opt/gcc-arm-none-eabi-10.3-2021.10/arm-none-eabi/include/machine/_default_types.h"
 428              		.file 3 "/opt/gcc-arm-none-eabi-10.3-2021.10/arm-none-eabi/include/sys/_stdint.h"
 429              		.file 4 "hardware/mcu/st/cmsis_device_wl/Include/stm32wle5xx.h"
 430              		.file 5 "hardware/mcu/st/cmsis_device_wl/Include/stm32wlxx.h"
 431              		.file 6 "hardware/mcu/st/stm32wlxx_hal_driver/Inc/stm32wlxx_hal_def.h"
 432              		.file 7 "hardware/mcu/st/stm32wlxx_hal_driver/Inc/stm32wlxx_hal_dma.h"
 433              		.file 8 "hardware/mcu/st/stm32wlxx_hal_driver/Inc/stm32wlxx_hal_dma_ex.h"
 434              		.file 9 "hardware/mcu/st/stm32wlxx_hal_driver/Inc/stm32wlxx_ll_dma.h"
ARM GAS  /tmp/ccdvKhaG.s 			page 15


DEFINED SYMBOLS
                            *ABS*:0000000000000000 stm32wlxx_hal_dma_ex.c
     /tmp/ccdvKhaG.s:18     .text.HAL_DMAEx_ConfigMuxSync:0000000000000000 $t
     /tmp/ccdvKhaG.s:24     .text.HAL_DMAEx_ConfigMuxSync:0000000000000000 HAL_DMAEx_ConfigMuxSync
     /tmp/ccdvKhaG.s:111    .text.HAL_DMAEx_ConfigMuxRequestGenerator:0000000000000000 $t
     /tmp/ccdvKhaG.s:117    .text.HAL_DMAEx_ConfigMuxRequestGenerator:0000000000000000 HAL_DMAEx_ConfigMuxRequestGenerator
     /tmp/ccdvKhaG.s:218    .text.HAL_DMAEx_EnableMuxRequestGenerator:0000000000000000 $t
     /tmp/ccdvKhaG.s:224    .text.HAL_DMAEx_EnableMuxRequestGenerator:0000000000000000 HAL_DMAEx_EnableMuxRequestGenerator
     /tmp/ccdvKhaG.s:264    .text.HAL_DMAEx_DisableMuxRequestGenerator:0000000000000000 $t
     /tmp/ccdvKhaG.s:270    .text.HAL_DMAEx_DisableMuxRequestGenerator:0000000000000000 HAL_DMAEx_DisableMuxRequestGenerator
     /tmp/ccdvKhaG.s:310    .text.HAL_DMAEx_MUX_IRQHandler:0000000000000000 $t
     /tmp/ccdvKhaG.s:316    .text.HAL_DMAEx_MUX_IRQHandler:0000000000000000 HAL_DMAEx_MUX_IRQHandler

NO UNDEFINED SYMBOLS
